DEBUG ForkJoinPool.commonPool-worker-9 com.monitorjbl.xlsx.impl.StreamingWorkbookReader - Created temp file [C:\Users\bao\AppData\Local\Temp\tmp-1044877571335957932.xlsx]
DEBUG ForkJoinPool.commonPool-worker-13 com.monitorjbl.xlsx.impl.StreamingWorkbookReader - Created temp file [C:\Users\bao\AppData\Local\Temp\tmp-2516874053693357861.xlsx]
DEBUG main com.monitorjbl.xlsx.impl.StreamingWorkbookReader - Created temp file [C:\Users\bao\AppData\Local\Temp\tmp-1642317943683269364.xlsx]
DEBUG ForkJoinPool.commonPool-worker-15 com.monitorjbl.xlsx.impl.StreamingWorkbookReader - Created temp file [C:\Users\bao\AppData\Local\Temp\tmp-824792591271300689.xlsx]
DEBUG ForkJoinPool.commonPool-worker-3 com.monitorjbl.xlsx.impl.StreamingWorkbookReader - Created temp file [C:\Users\bao\AppData\Local\Temp\tmp-7093525143259182001.xlsx]
DEBUG ForkJoinPool.commonPool-worker-8 com.monitorjbl.xlsx.impl.StreamingWorkbookReader - Created temp file [C:\Users\bao\AppData\Local\Temp\tmp-5074484530675340296.xlsx]
DEBUG ForkJoinPool.commonPool-worker-10 com.monitorjbl.xlsx.impl.StreamingWorkbookReader - Created temp file [C:\Users\bao\AppData\Local\Temp\tmp-4090504707343018180.xlsx]
DEBUG ForkJoinPool.commonPool-worker-11 com.monitorjbl.xlsx.impl.StreamingWorkbookReader - Created temp file [C:\Users\bao\AppData\Local\Temp\tmp-1909253396422711964.xlsx]
DEBUG ForkJoinPool.commonPool-worker-4 com.monitorjbl.xlsx.impl.StreamingWorkbookReader - Created temp file [C:\Users\bao\AppData\Local\Temp\tmp-5380078748248799270.xlsx]
DEBUG ForkJoinPool.commonPool-worker-1 com.monitorjbl.xlsx.impl.StreamingWorkbookReader - Created temp file [C:\Users\bao\AppData\Local\Temp\tmp-5828153135625216440.xlsx]
DEBUG ForkJoinPool.commonPool-worker-2 com.monitorjbl.xlsx.impl.StreamingWorkbookReader - Created temp file [C:\Users\bao\AppData\Local\Temp\tmp-7396277710933576686.xlsx]
DEBUG ForkJoinPool.commonPool-worker-6 com.monitorjbl.xlsx.impl.StreamingWorkbookReader - Created temp file [C:\Users\bao\AppData\Local\Temp\tmp-4963597321014658088.xlsx]
DEBUG ForkJoinPool.commonPool-worker-4 com.monitorjbl.xlsx.impl.StreamingWorkbookReader - Deleting tmp file [C:\Users\bao\AppData\Local\Temp\tmp-5380078748248799270.xlsx]
DEBUG ForkJoinPool.commonPool-worker-2 com.monitorjbl.xlsx.impl.StreamingWorkbookReader - Deleting tmp file [C:\Users\bao\AppData\Local\Temp\tmp-7396277710933576686.xlsx]
DEBUG ForkJoinPool.commonPool-worker-1 com.monitorjbl.xlsx.impl.StreamingWorkbookReader - Deleting tmp file [C:\Users\bao\AppData\Local\Temp\tmp-5828153135625216440.xlsx]
DEBUG ForkJoinPool.commonPool-worker-4 com.monitorjbl.xlsx.impl.StreamingWorkbookReader - Created temp file [C:\Users\bao\AppData\Local\Temp\tmp-6388823691595586440.xlsx]
DEBUG ForkJoinPool.commonPool-worker-8 com.monitorjbl.xlsx.impl.StreamingWorkbookReader - Deleting tmp file [C:\Users\bao\AppData\Local\Temp\tmp-5074484530675340296.xlsx]
DEBUG ForkJoinPool.commonPool-worker-2 com.monitorjbl.xlsx.impl.StreamingWorkbookReader - Created temp file [C:\Users\bao\AppData\Local\Temp\tmp-577023868751683152.xlsx]
DEBUG ForkJoinPool.commonPool-worker-3 com.monitorjbl.xlsx.impl.StreamingWorkbookReader - Deleting tmp file [C:\Users\bao\AppData\Local\Temp\tmp-7093525143259182001.xlsx]
DEBUG main com.monitorjbl.xlsx.impl.StreamingWorkbookReader - Deleting tmp file [C:\Users\bao\AppData\Local\Temp\tmp-1642317943683269364.xlsx]
DEBUG ForkJoinPool.commonPool-worker-10 com.monitorjbl.xlsx.impl.StreamingWorkbookReader - Deleting tmp file [C:\Users\bao\AppData\Local\Temp\tmp-4090504707343018180.xlsx]
DEBUG ForkJoinPool.commonPool-worker-13 com.monitorjbl.xlsx.impl.StreamingWorkbookReader - Deleting tmp file [C:\Users\bao\AppData\Local\Temp\tmp-2516874053693357861.xlsx]
DEBUG ForkJoinPool.commonPool-worker-2 com.monitorjbl.xlsx.impl.StreamingWorkbookReader - Deleting tmp file [C:\Users\bao\AppData\Local\Temp\tmp-577023868751683152.xlsx]
DEBUG ForkJoinPool.commonPool-worker-9 com.monitorjbl.xlsx.impl.StreamingWorkbookReader - Deleting tmp file [C:\Users\bao\AppData\Local\Temp\tmp-1044877571335957932.xlsx]
DEBUG ForkJoinPool.commonPool-worker-4 com.monitorjbl.xlsx.impl.StreamingWorkbookReader - Deleting tmp file [C:\Users\bao\AppData\Local\Temp\tmp-6388823691595586440.xlsx]
DEBUG ForkJoinPool.commonPool-worker-1 com.monitorjbl.xlsx.impl.StreamingWorkbookReader - Created temp file [C:\Users\bao\AppData\Local\Temp\tmp-2366138390685714819.xlsx]
DEBUG ForkJoinPool.commonPool-worker-10 com.monitorjbl.xlsx.impl.StreamingWorkbookReader - Created temp file [C:\Users\bao\AppData\Local\Temp\tmp-7050223613795994695.xlsx]
DEBUG ForkJoinPool.commonPool-worker-2 com.monitorjbl.xlsx.impl.StreamingWorkbookReader - Created temp file [C:\Users\bao\AppData\Local\Temp\tmp-7299548595984052392.xlsx]
DEBUG main com.monitorjbl.xlsx.impl.StreamingWorkbookReader - Created temp file [C:\Users\bao\AppData\Local\Temp\tmp-4666412217093613776.xlsx]
DEBUG ForkJoinPool.commonPool-worker-8 com.monitorjbl.xlsx.impl.StreamingWorkbookReader - Created temp file [C:\Users\bao\AppData\Local\Temp\tmp-1994477166768141453.xlsx]
DEBUG ForkJoinPool.commonPool-worker-3 com.monitorjbl.xlsx.impl.StreamingWorkbookReader - Created temp file [C:\Users\bao\AppData\Local\Temp\tmp-3367765756413077917.xlsx]
DEBUG ForkJoinPool.commonPool-worker-13 com.monitorjbl.xlsx.impl.StreamingWorkbookReader - Created temp file [C:\Users\bao\AppData\Local\Temp\tmp-3184066434952569730.xlsx]
DEBUG ForkJoinPool.commonPool-worker-4 com.monitorjbl.xlsx.impl.StreamingWorkbookReader - Created temp file [C:\Users\bao\AppData\Local\Temp\tmp-5789042122781481888.xlsx]
DEBUG ForkJoinPool.commonPool-worker-1 com.monitorjbl.xlsx.impl.StreamingWorkbookReader - Deleting tmp file [C:\Users\bao\AppData\Local\Temp\tmp-2366138390685714819.xlsx]
DEBUG ForkJoinPool.commonPool-worker-9 com.monitorjbl.xlsx.impl.StreamingWorkbookReader - Created temp file [C:\Users\bao\AppData\Local\Temp\tmp-3126160400176664379.xlsx]
DEBUG ForkJoinPool.commonPool-worker-3 com.monitorjbl.xlsx.impl.StreamingWorkbookReader - Deleting tmp file [C:\Users\bao\AppData\Local\Temp\tmp-3367765756413077917.xlsx]
DEBUG ForkJoinPool.commonPool-worker-1 com.monitorjbl.xlsx.impl.StreamingWorkbookReader - Created temp file [C:\Users\bao\AppData\Local\Temp\tmp-3253921891279457579.xlsx]
DEBUG ForkJoinPool.commonPool-worker-10 com.monitorjbl.xlsx.impl.StreamingWorkbookReader - Deleting tmp file [C:\Users\bao\AppData\Local\Temp\tmp-7050223613795994695.xlsx]
DEBUG ForkJoinPool.commonPool-worker-3 com.monitorjbl.xlsx.impl.StreamingWorkbookReader - Created temp file [C:\Users\bao\AppData\Local\Temp\tmp-6726965611684790364.xlsx]
DEBUG ForkJoinPool.commonPool-worker-6 com.monitorjbl.xlsx.impl.StreamingWorkbookReader - Deleting tmp file [C:\Users\bao\AppData\Local\Temp\tmp-4963597321014658088.xlsx]
DEBUG ForkJoinPool.commonPool-worker-10 com.monitorjbl.xlsx.impl.StreamingWorkbookReader - Created temp file [C:\Users\bao\AppData\Local\Temp\tmp-8219124823220291577.xlsx]
DEBUG main com.monitorjbl.xlsx.impl.StreamingWorkbookReader - Deleting tmp file [C:\Users\bao\AppData\Local\Temp\tmp-4666412217093613776.xlsx]
DEBUG main com.monitorjbl.xlsx.impl.StreamingWorkbookReader - Created temp file [C:\Users\bao\AppData\Local\Temp\tmp-8609273591214071150.xlsx]
DEBUG ForkJoinPool.commonPool-worker-9 com.monitorjbl.xlsx.impl.StreamingWorkbookReader - Deleting tmp file [C:\Users\bao\AppData\Local\Temp\tmp-3126160400176664379.xlsx]
DEBUG ForkJoinPool.commonPool-worker-4 com.monitorjbl.xlsx.impl.StreamingWorkbookReader - Deleting tmp file [C:\Users\bao\AppData\Local\Temp\tmp-5789042122781481888.xlsx]
DEBUG ForkJoinPool.commonPool-worker-3 com.monitorjbl.xlsx.impl.StreamingWorkbookReader - Deleting tmp file [C:\Users\bao\AppData\Local\Temp\tmp-6726965611684790364.xlsx]
DEBUG ForkJoinPool.commonPool-worker-8 com.monitorjbl.xlsx.impl.StreamingWorkbookReader - Deleting tmp file [C:\Users\bao\AppData\Local\Temp\tmp-1994477166768141453.xlsx]
DEBUG ForkJoinPool.commonPool-worker-3 com.monitorjbl.xlsx.impl.StreamingWorkbookReader - Created temp file [C:\Users\bao\AppData\Local\Temp\tmp-1880610766746668961.xlsx]
DEBUG ForkJoinPool.commonPool-worker-8 com.monitorjbl.xlsx.impl.StreamingWorkbookReader - Created temp file [C:\Users\bao\AppData\Local\Temp\tmp-6487291429079128964.xlsx]
DEBUG ForkJoinPool.commonPool-worker-6 com.monitorjbl.xlsx.impl.StreamingWorkbookReader - Created temp file [C:\Users\bao\AppData\Local\Temp\tmp-5515385132115153964.xlsx]
DEBUG ForkJoinPool.commonPool-worker-9 com.monitorjbl.xlsx.impl.StreamingWorkbookReader - Created temp file [C:\Users\bao\AppData\Local\Temp\tmp-5728857739648665162.xlsx]
DEBUG ForkJoinPool.commonPool-worker-4 com.monitorjbl.xlsx.impl.StreamingWorkbookReader - Created temp file [C:\Users\bao\AppData\Local\Temp\tmp-1913052629478620378.xlsx]
DEBUG ForkJoinPool.commonPool-worker-3 com.monitorjbl.xlsx.impl.StreamingWorkbookReader - Deleting tmp file [C:\Users\bao\AppData\Local\Temp\tmp-1880610766746668961.xlsx]
DEBUG ForkJoinPool.commonPool-worker-10 com.monitorjbl.xlsx.impl.StreamingWorkbookReader - Deleting tmp file [C:\Users\bao\AppData\Local\Temp\tmp-8219124823220291577.xlsx]
DEBUG ForkJoinPool.commonPool-worker-2 com.monitorjbl.xlsx.impl.StreamingWorkbookReader - Deleting tmp file [C:\Users\bao\AppData\Local\Temp\tmp-7299548595984052392.xlsx]
DEBUG ForkJoinPool.commonPool-worker-3 com.monitorjbl.xlsx.impl.StreamingWorkbookReader - Created temp file [C:\Users\bao\AppData\Local\Temp\tmp-3506901280196770768.xlsx]
DEBUG ForkJoinPool.commonPool-worker-2 com.monitorjbl.xlsx.impl.StreamingWorkbookReader - Created temp file [C:\Users\bao\AppData\Local\Temp\tmp-5380403942215529710.xlsx]
DEBUG ForkJoinPool.commonPool-worker-1 com.monitorjbl.xlsx.impl.StreamingWorkbookReader - Deleting tmp file [C:\Users\bao\AppData\Local\Temp\tmp-3253921891279457579.xlsx]
DEBUG ForkJoinPool.commonPool-worker-10 com.monitorjbl.xlsx.impl.StreamingWorkbookReader - Created temp file [C:\Users\bao\AppData\Local\Temp\tmp-9092945349677689734.xlsx]
DEBUG ForkJoinPool.commonPool-worker-8 com.monitorjbl.xlsx.impl.StreamingWorkbookReader - Deleting tmp file [C:\Users\bao\AppData\Local\Temp\tmp-6487291429079128964.xlsx]
DEBUG ForkJoinPool.commonPool-worker-15 com.monitorjbl.xlsx.impl.StreamingWorkbookReader - Deleting tmp file [C:\Users\bao\AppData\Local\Temp\tmp-824792591271300689.xlsx]
DEBUG ForkJoinPool.commonPool-worker-3 com.monitorjbl.xlsx.impl.StreamingWorkbookReader - Deleting tmp file [C:\Users\bao\AppData\Local\Temp\tmp-3506901280196770768.xlsx]
DEBUG ForkJoinPool.commonPool-worker-4 com.monitorjbl.xlsx.impl.StreamingWorkbookReader - Deleting tmp file [C:\Users\bao\AppData\Local\Temp\tmp-1913052629478620378.xlsx]
DEBUG ForkJoinPool.commonPool-worker-2 com.monitorjbl.xlsx.impl.StreamingWorkbookReader - Deleting tmp file [C:\Users\bao\AppData\Local\Temp\tmp-5380403942215529710.xlsx]
DEBUG ForkJoinPool.commonPool-worker-3 com.monitorjbl.xlsx.impl.StreamingWorkbookReader - Created temp file [C:\Users\bao\AppData\Local\Temp\tmp-8491708758382664534.xlsx]
DEBUG ForkJoinPool.commonPool-worker-4 com.monitorjbl.xlsx.impl.StreamingWorkbookReader - Created temp file [C:\Users\bao\AppData\Local\Temp\tmp-1169121699273781142.xlsx]
DEBUG ForkJoinPool.commonPool-worker-8 com.monitorjbl.xlsx.impl.StreamingWorkbookReader - Created temp file [C:\Users\bao\AppData\Local\Temp\tmp-7496620081962282479.xlsx]
DEBUG ForkJoinPool.commonPool-worker-2 com.monitorjbl.xlsx.impl.StreamingWorkbookReader - Created temp file [C:\Users\bao\AppData\Local\Temp\tmp-1225029505623907724.xlsx]
DEBUG ForkJoinPool.commonPool-worker-6 com.monitorjbl.xlsx.impl.StreamingWorkbookReader - Deleting tmp file [C:\Users\bao\AppData\Local\Temp\tmp-5515385132115153964.xlsx]
DEBUG main com.monitorjbl.xlsx.impl.StreamingWorkbookReader - Deleting tmp file [C:\Users\bao\AppData\Local\Temp\tmp-8609273591214071150.xlsx]
DEBUG ForkJoinPool.commonPool-worker-1 com.monitorjbl.xlsx.impl.StreamingWorkbookReader - Created temp file [C:\Users\bao\AppData\Local\Temp\tmp-1123029494182406024.xlsx]
DEBUG ForkJoinPool.commonPool-worker-8 com.monitorjbl.xlsx.impl.StreamingWorkbookReader - Deleting tmp file [C:\Users\bao\AppData\Local\Temp\tmp-7496620081962282479.xlsx]
DEBUG ForkJoinPool.commonPool-worker-3 com.monitorjbl.xlsx.impl.StreamingWorkbookReader - Deleting tmp file [C:\Users\bao\AppData\Local\Temp\tmp-8491708758382664534.xlsx]
DEBUG ForkJoinPool.commonPool-worker-8 com.monitorjbl.xlsx.impl.StreamingWorkbookReader - Created temp file [C:\Users\bao\AppData\Local\Temp\tmp-7715131308583747846.xlsx]
DEBUG ForkJoinPool.commonPool-worker-4 com.monitorjbl.xlsx.impl.StreamingWorkbookReader - Deleting tmp file [C:\Users\bao\AppData\Local\Temp\tmp-1169121699273781142.xlsx]
DEBUG ForkJoinPool.commonPool-worker-6 com.monitorjbl.xlsx.impl.StreamingWorkbookReader - Created temp file [C:\Users\bao\AppData\Local\Temp\tmp-8565596199897126547.xlsx]
DEBUG ForkJoinPool.commonPool-worker-13 com.monitorjbl.xlsx.impl.StreamingWorkbookReader - Deleting tmp file [C:\Users\bao\AppData\Local\Temp\tmp-3184066434952569730.xlsx]
DEBUG ForkJoinPool.commonPool-worker-15 com.monitorjbl.xlsx.impl.StreamingWorkbookReader - Created temp file [C:\Users\bao\AppData\Local\Temp\tmp-4299688818510783137.xlsx]
DEBUG ForkJoinPool.commonPool-worker-3 com.monitorjbl.xlsx.impl.StreamingWorkbookReader - Created temp file [C:\Users\bao\AppData\Local\Temp\tmp-3930661020659232027.xlsx]
DEBUG ForkJoinPool.commonPool-worker-1 com.monitorjbl.xlsx.impl.StreamingWorkbookReader - Deleting tmp file [C:\Users\bao\AppData\Local\Temp\tmp-1123029494182406024.xlsx]
DEBUG main com.monitorjbl.xlsx.impl.StreamingWorkbookReader - Created temp file [C:\Users\bao\AppData\Local\Temp\tmp-2441263903587985555.xlsx]
DEBUG ForkJoinPool.commonPool-worker-8 com.monitorjbl.xlsx.impl.StreamingWorkbookReader - Deleting tmp file [C:\Users\bao\AppData\Local\Temp\tmp-7715131308583747846.xlsx]
DEBUG ForkJoinPool.commonPool-worker-4 com.monitorjbl.xlsx.impl.StreamingWorkbookReader - Created temp file [C:\Users\bao\AppData\Local\Temp\tmp-8098325080517488570.xlsx]
DEBUG ForkJoinPool.commonPool-worker-1 com.monitorjbl.xlsx.impl.StreamingWorkbookReader - Created temp file [C:\Users\bao\AppData\Local\Temp\tmp-7706744009817718883.xlsx]
DEBUG ForkJoinPool.commonPool-worker-8 com.monitorjbl.xlsx.impl.StreamingWorkbookReader - Created temp file [C:\Users\bao\AppData\Local\Temp\tmp-6458640908860117624.xlsx]
DEBUG ForkJoinPool.commonPool-worker-1 com.monitorjbl.xlsx.impl.StreamingWorkbookReader - Deleting tmp file [C:\Users\bao\AppData\Local\Temp\tmp-7706744009817718883.xlsx]
DEBUG ForkJoinPool.commonPool-worker-6 com.monitorjbl.xlsx.impl.StreamingWorkbookReader - Deleting tmp file [C:\Users\bao\AppData\Local\Temp\tmp-8565596199897126547.xlsx]
DEBUG ForkJoinPool.commonPool-worker-8 com.monitorjbl.xlsx.impl.StreamingWorkbookReader - Deleting tmp file [C:\Users\bao\AppData\Local\Temp\tmp-6458640908860117624.xlsx]
DEBUG ForkJoinPool.commonPool-worker-9 com.monitorjbl.xlsx.impl.StreamingWorkbookReader - Deleting tmp file [C:\Users\bao\AppData\Local\Temp\tmp-5728857739648665162.xlsx]
DEBUG ForkJoinPool.commonPool-worker-1 com.monitorjbl.xlsx.impl.StreamingWorkbookReader - Created temp file [C:\Users\bao\AppData\Local\Temp\tmp-3561831322517646585.xlsx]
DEBUG ForkJoinPool.commonPool-worker-6 com.monitorjbl.xlsx.impl.StreamingWorkbookReader - Created temp file [C:\Users\bao\AppData\Local\Temp\tmp-4610577927354872847.xlsx]
DEBUG ForkJoinPool.commonPool-worker-15 com.monitorjbl.xlsx.impl.StreamingWorkbookReader - Deleting tmp file [C:\Users\bao\AppData\Local\Temp\tmp-4299688818510783137.xlsx]
DEBUG ForkJoinPool.commonPool-worker-1 com.monitorjbl.xlsx.impl.StreamingWorkbookReader - Deleting tmp file [C:\Users\bao\AppData\Local\Temp\tmp-3561831322517646585.xlsx]
DEBUG ForkJoinPool.commonPool-worker-10 com.monitorjbl.xlsx.impl.StreamingWorkbookReader - Deleting tmp file [C:\Users\bao\AppData\Local\Temp\tmp-9092945349677689734.xlsx]
DEBUG ForkJoinPool.commonPool-worker-8 com.monitorjbl.xlsx.impl.StreamingWorkbookReader - Created temp file [C:\Users\bao\AppData\Local\Temp\tmp-748944762967556439.xlsx]
DEBUG ForkJoinPool.commonPool-worker-9 com.monitorjbl.xlsx.impl.StreamingWorkbookReader - Created temp file [C:\Users\bao\AppData\Local\Temp\tmp-8049547950836869313.xlsx]
DEBUG ForkJoinPool.commonPool-worker-1 com.monitorjbl.xlsx.impl.StreamingWorkbookReader - Created temp file [C:\Users\bao\AppData\Local\Temp\tmp-5399967067353639327.xlsx]
DEBUG ForkJoinPool.commonPool-worker-8 com.monitorjbl.xlsx.impl.StreamingWorkbookReader - Deleting tmp file [C:\Users\bao\AppData\Local\Temp\tmp-748944762967556439.xlsx]
DEBUG ForkJoinPool.commonPool-worker-8 com.monitorjbl.xlsx.impl.StreamingWorkbookReader - Created temp file [C:\Users\bao\AppData\Local\Temp\tmp-4738398426863678868.xlsx]
DEBUG ForkJoinPool.commonPool-worker-13 com.monitorjbl.xlsx.impl.StreamingWorkbookReader - Created temp file [C:\Users\bao\AppData\Local\Temp\tmp-9008601588027473935.xlsx]
DEBUG ForkJoinPool.commonPool-worker-1 com.monitorjbl.xlsx.impl.StreamingWorkbookReader - Deleting tmp file [C:\Users\bao\AppData\Local\Temp\tmp-5399967067353639327.xlsx]
DEBUG main com.monitorjbl.xlsx.impl.StreamingWorkbookReader - Deleting tmp file [C:\Users\bao\AppData\Local\Temp\tmp-2441263903587985555.xlsx]
DEBUG ForkJoinPool.commonPool-worker-9 com.monitorjbl.xlsx.impl.StreamingWorkbookReader - Deleting tmp file [C:\Users\bao\AppData\Local\Temp\tmp-8049547950836869313.xlsx]
DEBUG ForkJoinPool.commonPool-worker-15 com.monitorjbl.xlsx.impl.StreamingWorkbookReader - Created temp file [C:\Users\bao\AppData\Local\Temp\tmp-2499178278199458449.xlsx]
DEBUG ForkJoinPool.commonPool-worker-8 com.monitorjbl.xlsx.impl.StreamingWorkbookReader - Deleting tmp file [C:\Users\bao\AppData\Local\Temp\tmp-4738398426863678868.xlsx]
DEBUG ForkJoinPool.commonPool-worker-3 com.monitorjbl.xlsx.impl.StreamingWorkbookReader - Deleting tmp file [C:\Users\bao\AppData\Local\Temp\tmp-3930661020659232027.xlsx]
DEBUG ForkJoinPool.commonPool-worker-13 com.monitorjbl.xlsx.impl.StreamingWorkbookReader - Deleting tmp file [C:\Users\bao\AppData\Local\Temp\tmp-9008601588027473935.xlsx]
DEBUG ForkJoinPool.commonPool-worker-1 com.monitorjbl.xlsx.impl.StreamingWorkbookReader - Created temp file [C:\Users\bao\AppData\Local\Temp\tmp-6735546707989374606.xlsx]
DEBUG ForkJoinPool.commonPool-worker-15 com.monitorjbl.xlsx.impl.StreamingWorkbookReader - Deleting tmp file [C:\Users\bao\AppData\Local\Temp\tmp-2499178278199458449.xlsx]
DEBUG ForkJoinPool.commonPool-worker-13 com.monitorjbl.xlsx.impl.StreamingWorkbookReader - Created temp file [C:\Users\bao\AppData\Local\Temp\tmp-8318910445512895420.xlsx]
DEBUG ForkJoinPool.commonPool-worker-8 com.monitorjbl.xlsx.impl.StreamingWorkbookReader - Created temp file [C:\Users\bao\AppData\Local\Temp\tmp-6828912260452137389.xlsx]
DEBUG ForkJoinPool.commonPool-worker-13 com.monitorjbl.xlsx.impl.StreamingWorkbookReader - Deleting tmp file [C:\Users\bao\AppData\Local\Temp\tmp-8318910445512895420.xlsx]
DEBUG ForkJoinPool.commonPool-worker-9 com.monitorjbl.xlsx.impl.StreamingWorkbookReader - Created temp file [C:\Users\bao\AppData\Local\Temp\tmp-2157078142993636235.xlsx]
DEBUG ForkJoinPool.commonPool-worker-13 com.monitorjbl.xlsx.impl.StreamingWorkbookReader - Created temp file [C:\Users\bao\AppData\Local\Temp\tmp-7386494531324936346.xlsx]
DEBUG ForkJoinPool.commonPool-worker-15 com.monitorjbl.xlsx.impl.StreamingWorkbookReader - Created temp file [C:\Users\bao\AppData\Local\Temp\tmp-5337252108818412097.xlsx]
DEBUG ForkJoinPool.commonPool-worker-10 com.monitorjbl.xlsx.impl.StreamingWorkbookReader - Created temp file [C:\Users\bao\AppData\Local\Temp\tmp-1483964355667763851.xlsx]
DEBUG ForkJoinPool.commonPool-worker-9 com.monitorjbl.xlsx.impl.StreamingWorkbookReader - Deleting tmp file [C:\Users\bao\AppData\Local\Temp\tmp-2157078142993636235.xlsx]
DEBUG ForkJoinPool.commonPool-worker-15 com.monitorjbl.xlsx.impl.StreamingWorkbookReader - Deleting tmp file [C:\Users\bao\AppData\Local\Temp\tmp-5337252108818412097.xlsx]
DEBUG ForkJoinPool.commonPool-worker-13 com.monitorjbl.xlsx.impl.StreamingWorkbookReader - Deleting tmp file [C:\Users\bao\AppData\Local\Temp\tmp-7386494531324936346.xlsx]
DEBUG ForkJoinPool.commonPool-worker-9 com.monitorjbl.xlsx.impl.StreamingWorkbookReader - Created temp file [C:\Users\bao\AppData\Local\Temp\tmp-7877555199624132296.xlsx]
DEBUG ForkJoinPool.commonPool-worker-13 com.monitorjbl.xlsx.impl.StreamingWorkbookReader - Created temp file [C:\Users\bao\AppData\Local\Temp\tmp-6615957102421580539.xlsx]
DEBUG main com.monitorjbl.xlsx.impl.StreamingWorkbookReader - Created temp file [C:\Users\bao\AppData\Local\Temp\tmp-4659622489240391810.xlsx]
DEBUG ForkJoinPool.commonPool-worker-3 com.monitorjbl.xlsx.impl.StreamingWorkbookReader - Created temp file [C:\Users\bao\AppData\Local\Temp\tmp-7803273978902658080.xlsx]
DEBUG ForkJoinPool.commonPool-worker-13 com.monitorjbl.xlsx.impl.StreamingWorkbookReader - Deleting tmp file [C:\Users\bao\AppData\Local\Temp\tmp-6615957102421580539.xlsx]
DEBUG ForkJoinPool.commonPool-worker-4 com.monitorjbl.xlsx.impl.StreamingWorkbookReader - Deleting tmp file [C:\Users\bao\AppData\Local\Temp\tmp-8098325080517488570.xlsx]
DEBUG ForkJoinPool.commonPool-worker-8 com.monitorjbl.xlsx.impl.StreamingWorkbookReader - Deleting tmp file [C:\Users\bao\AppData\Local\Temp\tmp-6828912260452137389.xlsx]
DEBUG ForkJoinPool.commonPool-worker-3 com.monitorjbl.xlsx.impl.StreamingWorkbookReader - Deleting tmp file [C:\Users\bao\AppData\Local\Temp\tmp-7803273978902658080.xlsx]
DEBUG ForkJoinPool.commonPool-worker-3 com.monitorjbl.xlsx.impl.StreamingWorkbookReader - Created temp file [C:\Users\bao\AppData\Local\Temp\tmp-8019153581570146654.xlsx]
DEBUG ForkJoinPool.commonPool-worker-13 com.monitorjbl.xlsx.impl.StreamingWorkbookReader - Created temp file [C:\Users\bao\AppData\Local\Temp\tmp-2865761734038663487.xlsx]
DEBUG ForkJoinPool.commonPool-worker-3 com.monitorjbl.xlsx.impl.StreamingWorkbookReader - Deleting tmp file [C:\Users\bao\AppData\Local\Temp\tmp-8019153581570146654.xlsx]
DEBUG ForkJoinPool.commonPool-worker-10 com.monitorjbl.xlsx.impl.StreamingWorkbookReader - Deleting tmp file [C:\Users\bao\AppData\Local\Temp\tmp-1483964355667763851.xlsx]
DEBUG ForkJoinPool.commonPool-worker-3 com.monitorjbl.xlsx.impl.StreamingWorkbookReader - Created temp file [C:\Users\bao\AppData\Local\Temp\tmp-9100567745685048668.xlsx]
DEBUG ForkJoinPool.commonPool-worker-11 com.monitorjbl.xlsx.impl.StreamingWorkbookReader - Deleting tmp file [C:\Users\bao\AppData\Local\Temp\tmp-1909253396422711964.xlsx]
DEBUG ForkJoinPool.commonPool-worker-15 com.monitorjbl.xlsx.impl.StreamingWorkbookReader - Created temp file [C:\Users\bao\AppData\Local\Temp\tmp-1099861093084283015.xlsx]
DEBUG ForkJoinPool.commonPool-worker-13 com.monitorjbl.xlsx.impl.StreamingWorkbookReader - Deleting tmp file [C:\Users\bao\AppData\Local\Temp\tmp-2865761734038663487.xlsx]
DEBUG ForkJoinPool.commonPool-worker-9 com.monitorjbl.xlsx.impl.StreamingWorkbookReader - Deleting tmp file [C:\Users\bao\AppData\Local\Temp\tmp-7877555199624132296.xlsx]
DEBUG ForkJoinPool.commonPool-worker-1 com.monitorjbl.xlsx.impl.StreamingWorkbookReader - Deleting tmp file [C:\Users\bao\AppData\Local\Temp\tmp-6735546707989374606.xlsx]
DEBUG ForkJoinPool.commonPool-worker-9 com.monitorjbl.xlsx.impl.StreamingWorkbookReader - Created temp file [C:\Users\bao\AppData\Local\Temp\tmp-5127798035676027907.xlsx]
DEBUG ForkJoinPool.commonPool-worker-13 com.monitorjbl.xlsx.impl.StreamingWorkbookReader - Created temp file [C:\Users\bao\AppData\Local\Temp\tmp-7467133671978358774.xlsx]
DEBUG ForkJoinPool.commonPool-worker-8 com.monitorjbl.xlsx.impl.StreamingWorkbookReader - Created temp file [C:\Users\bao\AppData\Local\Temp\tmp-8509353418147563137.xlsx]
DEBUG main com.monitorjbl.xlsx.impl.StreamingWorkbookReader - Deleting tmp file [C:\Users\bao\AppData\Local\Temp\tmp-4659622489240391810.xlsx]
DEBUG ForkJoinPool.commonPool-worker-9 com.monitorjbl.xlsx.impl.StreamingWorkbookReader - Deleting tmp file [C:\Users\bao\AppData\Local\Temp\tmp-5127798035676027907.xlsx]
DEBUG ForkJoinPool.commonPool-worker-13 com.monitorjbl.xlsx.impl.StreamingWorkbookReader - Deleting tmp file [C:\Users\bao\AppData\Local\Temp\tmp-7467133671978358774.xlsx]
DEBUG ForkJoinPool.commonPool-worker-15 com.monitorjbl.xlsx.impl.StreamingWorkbookReader - Deleting tmp file [C:\Users\bao\AppData\Local\Temp\tmp-1099861093084283015.xlsx]
DEBUG ForkJoinPool.commonPool-worker-13 com.monitorjbl.xlsx.impl.StreamingWorkbookReader - Created temp file [C:\Users\bao\AppData\Local\Temp\tmp-5684767251385351061.xlsx]
DEBUG ForkJoinPool.commonPool-worker-9 com.monitorjbl.xlsx.impl.StreamingWorkbookReader - Created temp file [C:\Users\bao\AppData\Local\Temp\tmp-918657141064270480.xlsx]
DEBUG ForkJoinPool.commonPool-worker-13 com.monitorjbl.xlsx.impl.StreamingWorkbookReader - Deleting tmp file [C:\Users\bao\AppData\Local\Temp\tmp-5684767251385351061.xlsx]
DEBUG main com.monitorjbl.xlsx.impl.StreamingWorkbookReader - Created temp file [C:\Users\bao\AppData\Local\Temp\tmp-3315547781228389677.xlsx]
DEBUG ForkJoinPool.commonPool-worker-1 com.monitorjbl.xlsx.impl.StreamingWorkbookReader - Created temp file [C:\Users\bao\AppData\Local\Temp\tmp-3580655294592694671.xlsx]
DEBUG ForkJoinPool.commonPool-worker-13 com.monitorjbl.xlsx.impl.StreamingWorkbookReader - Created temp file [C:\Users\bao\AppData\Local\Temp\tmp-5444442848379165868.xlsx]
DEBUG ForkJoinPool.commonPool-worker-15 com.monitorjbl.xlsx.impl.StreamingWorkbookReader - Created temp file [C:\Users\bao\AppData\Local\Temp\tmp-8683658074539676111.xlsx]
DEBUG ForkJoinPool.commonPool-worker-8 com.monitorjbl.xlsx.impl.StreamingWorkbookReader - Deleting tmp file [C:\Users\bao\AppData\Local\Temp\tmp-8509353418147563137.xlsx]
DEBUG ForkJoinPool.commonPool-worker-2 com.monitorjbl.xlsx.impl.StreamingWorkbookReader - Deleting tmp file [C:\Users\bao\AppData\Local\Temp\tmp-1225029505623907724.xlsx]
DEBUG ForkJoinPool.commonPool-worker-6 com.monitorjbl.xlsx.impl.StreamingWorkbookReader - Deleting tmp file [C:\Users\bao\AppData\Local\Temp\tmp-4610577927354872847.xlsx]
DEBUG main com.monitorjbl.xlsx.impl.StreamingWorkbookReader - Deleting tmp file [C:\Users\bao\AppData\Local\Temp\tmp-3315547781228389677.xlsx]
DEBUG ForkJoinPool.commonPool-worker-13 com.monitorjbl.xlsx.impl.StreamingWorkbookReader - Deleting tmp file [C:\Users\bao\AppData\Local\Temp\tmp-5444442848379165868.xlsx]
DEBUG ForkJoinPool.commonPool-worker-8 com.monitorjbl.xlsx.impl.StreamingWorkbookReader - Created temp file [C:\Users\bao\AppData\Local\Temp\tmp-2610436368193612952.xlsx]
DEBUG ForkJoinPool.commonPool-worker-13 com.monitorjbl.xlsx.impl.StreamingWorkbookReader - Created temp file [C:\Users\bao\AppData\Local\Temp\tmp-2296205589483063098.xlsx]
DEBUG ForkJoinPool.commonPool-worker-15 com.monitorjbl.xlsx.impl.StreamingWorkbookReader - Deleting tmp file [C:\Users\bao\AppData\Local\Temp\tmp-8683658074539676111.xlsx]
DEBUG ForkJoinPool.commonPool-worker-8 com.monitorjbl.xlsx.impl.StreamingWorkbookReader - Deleting tmp file [C:\Users\bao\AppData\Local\Temp\tmp-2610436368193612952.xlsx]
DEBUG ForkJoinPool.commonPool-worker-4 com.monitorjbl.xlsx.impl.StreamingWorkbookReader - Created temp file [C:\Users\bao\AppData\Local\Temp\tmp-6407782577325335947.xlsx]
DEBUG ForkJoinPool.commonPool-worker-15 com.monitorjbl.xlsx.impl.StreamingWorkbookReader - Created temp file [C:\Users\bao\AppData\Local\Temp\tmp-104873418309920322.xlsx]
DEBUG ForkJoinPool.commonPool-worker-10 com.monitorjbl.xlsx.impl.StreamingWorkbookReader - Created temp file [C:\Users\bao\AppData\Local\Temp\tmp-8757741405140421798.xlsx]
DEBUG ForkJoinPool.commonPool-worker-6 com.monitorjbl.xlsx.impl.StreamingWorkbookReader - Created temp file [C:\Users\bao\AppData\Local\Temp\tmp-718174875277629506.xlsx]
DEBUG ForkJoinPool.commonPool-worker-2 com.monitorjbl.xlsx.impl.StreamingWorkbookReader - Created temp file [C:\Users\bao\AppData\Local\Temp\tmp-4715722702798778797.xlsx]
DEBUG ForkJoinPool.commonPool-worker-10 com.monitorjbl.xlsx.impl.StreamingWorkbookReader - Deleting tmp file [C:\Users\bao\AppData\Local\Temp\tmp-8757741405140421798.xlsx]
DEBUG ForkJoinPool.commonPool-worker-8 com.monitorjbl.xlsx.impl.StreamingWorkbookReader - Created temp file [C:\Users\bao\AppData\Local\Temp\tmp-7845821583936232240.xlsx]
DEBUG ForkJoinPool.commonPool-worker-6 com.monitorjbl.xlsx.impl.StreamingWorkbookReader - Deleting tmp file [C:\Users\bao\AppData\Local\Temp\tmp-718174875277629506.xlsx]
DEBUG ForkJoinPool.commonPool-worker-8 com.monitorjbl.xlsx.impl.StreamingWorkbookReader - Deleting tmp file [C:\Users\bao\AppData\Local\Temp\tmp-7845821583936232240.xlsx]
DEBUG ForkJoinPool.commonPool-worker-10 com.monitorjbl.xlsx.impl.StreamingWorkbookReader - Created temp file [C:\Users\bao\AppData\Local\Temp\tmp-4226164056084376404.xlsx]
DEBUG ForkJoinPool.commonPool-worker-3 com.monitorjbl.xlsx.impl.StreamingWorkbookReader - Deleting tmp file [C:\Users\bao\AppData\Local\Temp\tmp-9100567745685048668.xlsx]
DEBUG ForkJoinPool.commonPool-worker-2 com.monitorjbl.xlsx.impl.StreamingWorkbookReader - Deleting tmp file [C:\Users\bao\AppData\Local\Temp\tmp-4715722702798778797.xlsx]
DEBUG main com.monitorjbl.xlsx.impl.StreamingWorkbookReader - Created temp file [C:\Users\bao\AppData\Local\Temp\tmp-6012158824725596631.xlsx]
DEBUG ForkJoinPool.commonPool-worker-6 com.monitorjbl.xlsx.impl.StreamingWorkbookReader - Created temp file [C:\Users\bao\AppData\Local\Temp\tmp-2497485631199802931.xlsx]
DEBUG ForkJoinPool.commonPool-worker-15 com.monitorjbl.xlsx.impl.StreamingWorkbookReader - Deleting tmp file [C:\Users\bao\AppData\Local\Temp\tmp-104873418309920322.xlsx]
DEBUG ForkJoinPool.commonPool-worker-10 com.monitorjbl.xlsx.impl.StreamingWorkbookReader - Deleting tmp file [C:\Users\bao\AppData\Local\Temp\tmp-4226164056084376404.xlsx]
DEBUG ForkJoinPool.commonPool-worker-9 com.monitorjbl.xlsx.impl.StreamingWorkbookReader - Deleting tmp file [C:\Users\bao\AppData\Local\Temp\tmp-918657141064270480.xlsx]
DEBUG ForkJoinPool.commonPool-worker-8 com.monitorjbl.xlsx.impl.StreamingWorkbookReader - Created temp file [C:\Users\bao\AppData\Local\Temp\tmp-7266106877270101611.xlsx]
DEBUG ForkJoinPool.commonPool-worker-1 com.monitorjbl.xlsx.impl.StreamingWorkbookReader - Deleting tmp file [C:\Users\bao\AppData\Local\Temp\tmp-3580655294592694671.xlsx]
DEBUG ForkJoinPool.commonPool-worker-3 com.monitorjbl.xlsx.impl.StreamingWorkbookReader - Created temp file [C:\Users\bao\AppData\Local\Temp\tmp-2482324205712187036.xlsx]
DEBUG main com.monitorjbl.xlsx.impl.StreamingWorkbookReader - Deleting tmp file [C:\Users\bao\AppData\Local\Temp\tmp-6012158824725596631.xlsx]
DEBUG ForkJoinPool.commonPool-worker-2 com.monitorjbl.xlsx.impl.StreamingWorkbookReader - Created temp file [C:\Users\bao\AppData\Local\Temp\tmp-3090208788667623171.xlsx]
DEBUG ForkJoinPool.commonPool-worker-10 com.monitorjbl.xlsx.impl.StreamingWorkbookReader - Created temp file [C:\Users\bao\AppData\Local\Temp\tmp-7631188686387871964.xlsx]
DEBUG ForkJoinPool.commonPool-worker-6 com.monitorjbl.xlsx.impl.StreamingWorkbookReader - Deleting tmp file [C:\Users\bao\AppData\Local\Temp\tmp-2497485631199802931.xlsx]
DEBUG ForkJoinPool.commonPool-worker-8 com.monitorjbl.xlsx.impl.StreamingWorkbookReader - Deleting tmp file [C:\Users\bao\AppData\Local\Temp\tmp-7266106877270101611.xlsx]
DEBUG ForkJoinPool.commonPool-worker-6 com.monitorjbl.xlsx.impl.StreamingWorkbookReader - Created temp file [C:\Users\bao\AppData\Local\Temp\tmp-8800566702568340374.xlsx]
DEBUG main com.monitorjbl.xlsx.impl.StreamingWorkbookReader - Created temp file [C:\Users\bao\AppData\Local\Temp\tmp-6741050439884529315.xlsx]
DEBUG ForkJoinPool.commonPool-worker-10 com.monitorjbl.xlsx.impl.StreamingWorkbookReader - Deleting tmp file [C:\Users\bao\AppData\Local\Temp\tmp-7631188686387871964.xlsx]
DEBUG ForkJoinPool.commonPool-worker-3 com.monitorjbl.xlsx.impl.StreamingWorkbookReader - Deleting tmp file [C:\Users\bao\AppData\Local\Temp\tmp-2482324205712187036.xlsx]
DEBUG ForkJoinPool.commonPool-worker-8 com.monitorjbl.xlsx.impl.StreamingWorkbookReader - Created temp file [C:\Users\bao\AppData\Local\Temp\tmp-8024159533443495079.xlsx]
DEBUG ForkJoinPool.commonPool-worker-15 com.monitorjbl.xlsx.impl.StreamingWorkbookReader - Created temp file [C:\Users\bao\AppData\Local\Temp\tmp-3894202034088966525.xlsx]
DEBUG ForkJoinPool.commonPool-worker-3 com.monitorjbl.xlsx.impl.StreamingWorkbookReader - Created temp file [C:\Users\bao\AppData\Local\Temp\tmp-4478975088679090173.xlsx]
DEBUG ForkJoinPool.commonPool-worker-10 com.monitorjbl.xlsx.impl.StreamingWorkbookReader - Created temp file [C:\Users\bao\AppData\Local\Temp\tmp-3810695337026383136.xlsx]
DEBUG ForkJoinPool.commonPool-worker-3 com.monitorjbl.xlsx.impl.StreamingWorkbookReader - Deleting tmp file [C:\Users\bao\AppData\Local\Temp\tmp-4478975088679090173.xlsx]
DEBUG ForkJoinPool.commonPool-worker-3 com.monitorjbl.xlsx.impl.StreamingWorkbookReader - Created temp file [C:\Users\bao\AppData\Local\Temp\tmp-4987090196527156203.xlsx]
DEBUG main com.monitorjbl.xlsx.impl.StreamingWorkbookReader - Deleting tmp file [C:\Users\bao\AppData\Local\Temp\tmp-6741050439884529315.xlsx]
DEBUG main com.monitorjbl.xlsx.impl.StreamingWorkbookReader - Created temp file [C:\Users\bao\AppData\Local\Temp\tmp-6593078917708946193.xlsx]
DEBUG ForkJoinPool.commonPool-worker-1 com.monitorjbl.xlsx.impl.StreamingWorkbookReader - Created temp file [C:\Users\bao\AppData\Local\Temp\tmp-8697126314960236533.xlsx]
DEBUG ForkJoinPool.commonPool-worker-13 com.monitorjbl.xlsx.impl.StreamingWorkbookReader - Deleting tmp file [C:\Users\bao\AppData\Local\Temp\tmp-2296205589483063098.xlsx]
DEBUG ForkJoinPool.commonPool-worker-2 com.monitorjbl.xlsx.impl.StreamingWorkbookReader - Deleting tmp file [C:\Users\bao\AppData\Local\Temp\tmp-3090208788667623171.xlsx]
DEBUG ForkJoinPool.commonPool-worker-8 com.monitorjbl.xlsx.impl.StreamingWorkbookReader - Deleting tmp file [C:\Users\bao\AppData\Local\Temp\tmp-8024159533443495079.xlsx]
DEBUG ForkJoinPool.commonPool-worker-15 com.monitorjbl.xlsx.impl.StreamingWorkbookReader - Deleting tmp file [C:\Users\bao\AppData\Local\Temp\tmp-3894202034088966525.xlsx]
DEBUG ForkJoinPool.commonPool-worker-10 com.monitorjbl.xlsx.impl.StreamingWorkbookReader - Deleting tmp file [C:\Users\bao\AppData\Local\Temp\tmp-3810695337026383136.xlsx]
DEBUG ForkJoinPool.commonPool-worker-1 com.monitorjbl.xlsx.impl.StreamingWorkbookReader - Deleting tmp file [C:\Users\bao\AppData\Local\Temp\tmp-8697126314960236533.xlsx]
DEBUG ForkJoinPool.commonPool-worker-11 com.monitorjbl.xlsx.impl.StreamingWorkbookReader - Created temp file [C:\Users\bao\AppData\Local\Temp\tmp-7046164802605209091.xlsx]
DEBUG ForkJoinPool.commonPool-worker-4 com.monitorjbl.xlsx.impl.StreamingWorkbookReader - Deleting tmp file [C:\Users\bao\AppData\Local\Temp\tmp-6407782577325335947.xlsx]
DEBUG ForkJoinPool.commonPool-worker-15 com.monitorjbl.xlsx.impl.StreamingWorkbookReader - Created temp file [C:\Users\bao\AppData\Local\Temp\tmp-622781270956524403.xlsx]
DEBUG ForkJoinPool.commonPool-worker-8 com.monitorjbl.xlsx.impl.StreamingWorkbookReader - Created temp file [C:\Users\bao\AppData\Local\Temp\tmp-680719402668250653.xlsx]
DEBUG ForkJoinPool.commonPool-worker-1 com.monitorjbl.xlsx.impl.StreamingWorkbookReader - Created temp file [C:\Users\bao\AppData\Local\Temp\tmp-9197448340775182131.xlsx]
DEBUG ForkJoinPool.commonPool-worker-2 com.monitorjbl.xlsx.impl.StreamingWorkbookReader - Created temp file [C:\Users\bao\AppData\Local\Temp\tmp-7830030669741296051.xlsx]
DEBUG ForkJoinPool.commonPool-worker-2 com.monitorjbl.xlsx.impl.StreamingWorkbookReader - Deleting tmp file [C:\Users\bao\AppData\Local\Temp\tmp-7830030669741296051.xlsx]
DEBUG ForkJoinPool.commonPool-worker-9 com.monitorjbl.xlsx.impl.StreamingWorkbookReader - Created temp file [C:\Users\bao\AppData\Local\Temp\tmp-5534816780741347309.xlsx]
DEBUG ForkJoinPool.commonPool-worker-15 com.monitorjbl.xlsx.impl.StreamingWorkbookReader - Deleting tmp file [C:\Users\bao\AppData\Local\Temp\tmp-622781270956524403.xlsx]
DEBUG ForkJoinPool.commonPool-worker-2 com.monitorjbl.xlsx.impl.StreamingWorkbookReader - Created temp file [C:\Users\bao\AppData\Local\Temp\tmp-127261312890383099.xlsx]
DEBUG main com.monitorjbl.xlsx.impl.StreamingWorkbookReader - Deleting tmp file [C:\Users\bao\AppData\Local\Temp\tmp-6593078917708946193.xlsx]
DEBUG ForkJoinPool.commonPool-worker-10 com.monitorjbl.xlsx.impl.StreamingWorkbookReader - Created temp file [C:\Users\bao\AppData\Local\Temp\tmp-9131649241807893290.xlsx]
DEBUG ForkJoinPool.commonPool-worker-11 com.monitorjbl.xlsx.impl.StreamingWorkbookReader - Deleting tmp file [C:\Users\bao\AppData\Local\Temp\tmp-7046164802605209091.xlsx]
DEBUG ForkJoinPool.commonPool-worker-1 com.monitorjbl.xlsx.impl.StreamingWorkbookReader - Deleting tmp file [C:\Users\bao\AppData\Local\Temp\tmp-9197448340775182131.xlsx]
DEBUG ForkJoinPool.commonPool-worker-6 com.monitorjbl.xlsx.impl.StreamingWorkbookReader - Deleting tmp file [C:\Users\bao\AppData\Local\Temp\tmp-8800566702568340374.xlsx]
DEBUG ForkJoinPool.commonPool-worker-2 com.monitorjbl.xlsx.impl.StreamingWorkbookReader - Deleting tmp file [C:\Users\bao\AppData\Local\Temp\tmp-127261312890383099.xlsx]
DEBUG ForkJoinPool.commonPool-worker-15 com.monitorjbl.xlsx.impl.StreamingWorkbookReader - Created temp file [C:\Users\bao\AppData\Local\Temp\tmp-4295551427913671669.xlsx]
DEBUG ForkJoinPool.commonPool-worker-10 com.monitorjbl.xlsx.impl.StreamingWorkbookReader - Deleting tmp file [C:\Users\bao\AppData\Local\Temp\tmp-9131649241807893290.xlsx]
DEBUG ForkJoinPool.commonPool-worker-9 com.monitorjbl.xlsx.impl.StreamingWorkbookReader - Deleting tmp file [C:\Users\bao\AppData\Local\Temp\tmp-5534816780741347309.xlsx]
DEBUG ForkJoinPool.commonPool-worker-2 com.monitorjbl.xlsx.impl.StreamingWorkbookReader - Created temp file [C:\Users\bao\AppData\Local\Temp\tmp-4806326361915086729.xlsx]
DEBUG ForkJoinPool.commonPool-worker-11 com.monitorjbl.xlsx.impl.StreamingWorkbookReader - Created temp file [C:\Users\bao\AppData\Local\Temp\tmp-6530879837217205584.xlsx]
DEBUG ForkJoinPool.commonPool-worker-15 com.monitorjbl.xlsx.impl.StreamingWorkbookReader - Deleting tmp file [C:\Users\bao\AppData\Local\Temp\tmp-4295551427913671669.xlsx]
DEBUG ForkJoinPool.commonPool-worker-9 com.monitorjbl.xlsx.impl.StreamingWorkbookReader - Created temp file [C:\Users\bao\AppData\Local\Temp\tmp-6871143200801110071.xlsx]
DEBUG ForkJoinPool.commonPool-worker-9 com.monitorjbl.xlsx.impl.StreamingWorkbookReader - Deleting tmp file [C:\Users\bao\AppData\Local\Temp\tmp-6871143200801110071.xlsx]
DEBUG ForkJoinPool.commonPool-worker-2 com.monitorjbl.xlsx.impl.StreamingWorkbookReader - Deleting tmp file [C:\Users\bao\AppData\Local\Temp\tmp-4806326361915086729.xlsx]
DEBUG ForkJoinPool.commonPool-worker-6 com.monitorjbl.xlsx.impl.StreamingWorkbookReader - Created temp file [C:\Users\bao\AppData\Local\Temp\tmp-2036919190821192219.xlsx]
DEBUG ForkJoinPool.commonPool-worker-6 com.monitorjbl.xlsx.impl.StreamingWorkbookReader - Deleting tmp file [C:\Users\bao\AppData\Local\Temp\tmp-2036919190821192219.xlsx]
DEBUG ForkJoinPool.commonPool-worker-11 com.monitorjbl.xlsx.impl.StreamingWorkbookReader - Deleting tmp file [C:\Users\bao\AppData\Local\Temp\tmp-6530879837217205584.xlsx]
DEBUG ForkJoinPool.commonPool-worker-11 com.monitorjbl.xlsx.impl.StreamingWorkbookReader - Created temp file [C:\Users\bao\AppData\Local\Temp\tmp-7545767993715861049.xlsx]
DEBUG ForkJoinPool.commonPool-worker-11 com.monitorjbl.xlsx.impl.StreamingWorkbookReader - Deleting tmp file [C:\Users\bao\AppData\Local\Temp\tmp-7545767993715861049.xlsx]
DEBUG ForkJoinPool.commonPool-worker-8 com.monitorjbl.xlsx.impl.StreamingWorkbookReader - Deleting tmp file [C:\Users\bao\AppData\Local\Temp\tmp-680719402668250653.xlsx]
DEBUG ForkJoinPool.commonPool-worker-3 com.monitorjbl.xlsx.impl.StreamingWorkbookReader - Deleting tmp file [C:\Users\bao\AppData\Local\Temp\tmp-4987090196527156203.xlsx]
DEBUG ForkJoinPool.commonPool-worker-8 com.monitorjbl.xlsx.impl.StreamingWorkbookReader - Created temp file [C:\Users\bao\AppData\Local\Temp\tmp-4639883043940149210.xlsx]
DEBUG ForkJoinPool.commonPool-worker-8 com.monitorjbl.xlsx.impl.StreamingWorkbookReader - Deleting tmp file [C:\Users\bao\AppData\Local\Temp\tmp-4639883043940149210.xlsx]
DEBUG ForkJoinPool.commonPool-worker-10 com.monitorjbl.xlsx.impl.StreamingWorkbookReader - Created temp file [C:\Users\bao\AppData\Local\Temp\tmp-7032312179231655030.xlsx]
DEBUG ForkJoinPool.commonPool-worker-13 com.monitorjbl.xlsx.impl.StreamingWorkbookReader - Created temp file [C:\Users\bao\AppData\Local\Temp\tmp-7516537862804993377.xlsx]
DEBUG ForkJoinPool.commonPool-worker-3 com.monitorjbl.xlsx.impl.StreamingWorkbookReader - Created temp file [C:\Users\bao\AppData\Local\Temp\tmp-8988032372741295388.xlsx]
DEBUG ForkJoinPool.commonPool-worker-4 com.monitorjbl.xlsx.impl.StreamingWorkbookReader - Created temp file [C:\Users\bao\AppData\Local\Temp\tmp-8415585312924556926.xlsx]
DEBUG ForkJoinPool.commonPool-worker-9 com.monitorjbl.xlsx.impl.StreamingWorkbookReader - Created temp file [C:\Users\bao\AppData\Local\Temp\tmp-8029246895539044286.xlsx]
DEBUG ForkJoinPool.commonPool-worker-2 com.monitorjbl.xlsx.impl.StreamingWorkbookReader - Created temp file [C:\Users\bao\AppData\Local\Temp\tmp-7973116335576161344.xlsx]
DEBUG ForkJoinPool.commonPool-worker-6 com.monitorjbl.xlsx.impl.StreamingWorkbookReader - Created temp file [C:\Users\bao\AppData\Local\Temp\tmp-273465519527984338.xlsx]
DEBUG ForkJoinPool.commonPool-worker-1 com.monitorjbl.xlsx.impl.StreamingWorkbookReader - Created temp file [C:\Users\bao\AppData\Local\Temp\tmp-803584510937187563.xlsx]
DEBUG ForkJoinPool.commonPool-worker-15 com.monitorjbl.xlsx.impl.StreamingWorkbookReader - Created temp file [C:\Users\bao\AppData\Local\Temp\tmp-6618707261305947584.xlsx]
DEBUG main com.monitorjbl.xlsx.impl.StreamingWorkbookReader - Created temp file [C:\Users\bao\AppData\Local\Temp\tmp-8865991179343807557.xlsx]
DEBUG ForkJoinPool.commonPool-worker-8 com.monitorjbl.xlsx.impl.StreamingWorkbookReader - Created temp file [C:\Users\bao\AppData\Local\Temp\tmp-4985120203997429237.xlsx]
DEBUG ForkJoinPool.commonPool-worker-11 com.monitorjbl.xlsx.impl.StreamingWorkbookReader - Created temp file [C:\Users\bao\AppData\Local\Temp\tmp-8216517452231437107.xlsx]
DEBUG ForkJoinPool.commonPool-worker-4 com.monitorjbl.xlsx.impl.StreamingWorkbookReader - Deleting tmp file [C:\Users\bao\AppData\Local\Temp\tmp-8415585312924556926.xlsx]
DEBUG ForkJoinPool.commonPool-worker-2 com.monitorjbl.xlsx.impl.StreamingWorkbookReader - Deleting tmp file [C:\Users\bao\AppData\Local\Temp\tmp-7973116335576161344.xlsx]
DEBUG ForkJoinPool.commonPool-worker-4 com.monitorjbl.xlsx.impl.StreamingWorkbookReader - Created temp file [C:\Users\bao\AppData\Local\Temp\tmp-130266628657375578.xlsx]
DEBUG ForkJoinPool.commonPool-worker-2 com.monitorjbl.xlsx.impl.StreamingWorkbookReader - Created temp file [C:\Users\bao\AppData\Local\Temp\tmp-3509873453767377280.xlsx]
DEBUG ForkJoinPool.commonPool-worker-6 com.monitorjbl.xlsx.impl.StreamingWorkbookReader - Deleting tmp file [C:\Users\bao\AppData\Local\Temp\tmp-273465519527984338.xlsx]
DEBUG main com.monitorjbl.xlsx.impl.StreamingWorkbookReader - Deleting tmp file [C:\Users\bao\AppData\Local\Temp\tmp-8865991179343807557.xlsx]
DEBUG ForkJoinPool.commonPool-worker-1 com.monitorjbl.xlsx.impl.StreamingWorkbookReader - Deleting tmp file [C:\Users\bao\AppData\Local\Temp\tmp-803584510937187563.xlsx]
DEBUG ForkJoinPool.commonPool-worker-8 com.monitorjbl.xlsx.impl.StreamingWorkbookReader - Deleting tmp file [C:\Users\bao\AppData\Local\Temp\tmp-4985120203997429237.xlsx]
DEBUG ForkJoinPool.commonPool-worker-3 com.monitorjbl.xlsx.impl.StreamingWorkbookReader - Deleting tmp file [C:\Users\bao\AppData\Local\Temp\tmp-8988032372741295388.xlsx]
DEBUG ForkJoinPool.commonPool-worker-9 com.monitorjbl.xlsx.impl.StreamingWorkbookReader - Deleting tmp file [C:\Users\bao\AppData\Local\Temp\tmp-8029246895539044286.xlsx]
DEBUG ForkJoinPool.commonPool-worker-4 com.monitorjbl.xlsx.impl.StreamingWorkbookReader - Deleting tmp file [C:\Users\bao\AppData\Local\Temp\tmp-130266628657375578.xlsx]
DEBUG ForkJoinPool.commonPool-worker-6 com.monitorjbl.xlsx.impl.StreamingWorkbookReader - Created temp file [C:\Users\bao\AppData\Local\Temp\tmp-5326910505156515491.xlsx]
DEBUG ForkJoinPool.commonPool-worker-10 com.monitorjbl.xlsx.impl.StreamingWorkbookReader - Deleting tmp file [C:\Users\bao\AppData\Local\Temp\tmp-7032312179231655030.xlsx]
DEBUG ForkJoinPool.commonPool-worker-1 com.monitorjbl.xlsx.impl.StreamingWorkbookReader - Created temp file [C:\Users\bao\AppData\Local\Temp\tmp-3482252834021901789.xlsx]
DEBUG ForkJoinPool.commonPool-worker-2 com.monitorjbl.xlsx.impl.StreamingWorkbookReader - Deleting tmp file [C:\Users\bao\AppData\Local\Temp\tmp-3509873453767377280.xlsx]
DEBUG ForkJoinPool.commonPool-worker-10 com.monitorjbl.xlsx.impl.StreamingWorkbookReader - Created temp file [C:\Users\bao\AppData\Local\Temp\tmp-5258949112978454662.xlsx]
DEBUG ForkJoinPool.commonPool-worker-4 com.monitorjbl.xlsx.impl.StreamingWorkbookReader - Created temp file [C:\Users\bao\AppData\Local\Temp\tmp-2024022733842412287.xlsx]
DEBUG main com.monitorjbl.xlsx.impl.StreamingWorkbookReader - Created temp file [C:\Users\bao\AppData\Local\Temp\tmp-8819021535797901807.xlsx]
DEBUG ForkJoinPool.commonPool-worker-13 com.monitorjbl.xlsx.impl.StreamingWorkbookReader - Deleting tmp file [C:\Users\bao\AppData\Local\Temp\tmp-7516537862804993377.xlsx]
DEBUG ForkJoinPool.commonPool-worker-9 com.monitorjbl.xlsx.impl.StreamingWorkbookReader - Created temp file [C:\Users\bao\AppData\Local\Temp\tmp-7754656606167312417.xlsx]
DEBUG ForkJoinPool.commonPool-worker-2 com.monitorjbl.xlsx.impl.StreamingWorkbookReader - Created temp file [C:\Users\bao\AppData\Local\Temp\tmp-589256785078999373.xlsx]
DEBUG ForkJoinPool.commonPool-worker-8 com.monitorjbl.xlsx.impl.StreamingWorkbookReader - Created temp file [C:\Users\bao\AppData\Local\Temp\tmp-7134604965165747744.xlsx]
DEBUG ForkJoinPool.commonPool-worker-1 com.monitorjbl.xlsx.impl.StreamingWorkbookReader - Deleting tmp file [C:\Users\bao\AppData\Local\Temp\tmp-3482252834021901789.xlsx]
DEBUG ForkJoinPool.commonPool-worker-3 com.monitorjbl.xlsx.impl.StreamingWorkbookReader - Created temp file [C:\Users\bao\AppData\Local\Temp\tmp-3151615515030013700.xlsx]
DEBUG ForkJoinPool.commonPool-worker-6 com.monitorjbl.xlsx.impl.StreamingWorkbookReader - Deleting tmp file [C:\Users\bao\AppData\Local\Temp\tmp-5326910505156515491.xlsx]
DEBUG ForkJoinPool.commonPool-worker-1 com.monitorjbl.xlsx.impl.StreamingWorkbookReader - Created temp file [C:\Users\bao\AppData\Local\Temp\tmp-7639954574947658688.xlsx]
DEBUG ForkJoinPool.commonPool-worker-13 com.monitorjbl.xlsx.impl.StreamingWorkbookReader - Created temp file [C:\Users\bao\AppData\Local\Temp\tmp-5551629952125778165.xlsx]
DEBUG ForkJoinPool.commonPool-worker-10 com.monitorjbl.xlsx.impl.StreamingWorkbookReader - Deleting tmp file [C:\Users\bao\AppData\Local\Temp\tmp-5258949112978454662.xlsx]
DEBUG ForkJoinPool.commonPool-worker-6 com.monitorjbl.xlsx.impl.StreamingWorkbookReader - Created temp file [C:\Users\bao\AppData\Local\Temp\tmp-4647885401811632759.xlsx]
DEBUG ForkJoinPool.commonPool-worker-4 com.monitorjbl.xlsx.impl.StreamingWorkbookReader - Deleting tmp file [C:\Users\bao\AppData\Local\Temp\tmp-2024022733842412287.xlsx]
DEBUG ForkJoinPool.commonPool-worker-3 com.monitorjbl.xlsx.impl.StreamingWorkbookReader - Deleting tmp file [C:\Users\bao\AppData\Local\Temp\tmp-3151615515030013700.xlsx]
DEBUG ForkJoinPool.commonPool-worker-9 com.monitorjbl.xlsx.impl.StreamingWorkbookReader - Deleting tmp file [C:\Users\bao\AppData\Local\Temp\tmp-7754656606167312417.xlsx]
DEBUG main com.monitorjbl.xlsx.impl.StreamingWorkbookReader - Deleting tmp file [C:\Users\bao\AppData\Local\Temp\tmp-8819021535797901807.xlsx]
DEBUG ForkJoinPool.commonPool-worker-9 com.monitorjbl.xlsx.impl.StreamingWorkbookReader - Created temp file [C:\Users\bao\AppData\Local\Temp\tmp-7406737574358995530.xlsx]
DEBUG ForkJoinPool.commonPool-worker-3 com.monitorjbl.xlsx.impl.StreamingWorkbookReader - Created temp file [C:\Users\bao\AppData\Local\Temp\tmp-1786317791616275925.xlsx]
DEBUG ForkJoinPool.commonPool-worker-8 com.monitorjbl.xlsx.impl.StreamingWorkbookReader - Deleting tmp file [C:\Users\bao\AppData\Local\Temp\tmp-7134604965165747744.xlsx]
DEBUG ForkJoinPool.commonPool-worker-2 com.monitorjbl.xlsx.impl.StreamingWorkbookReader - Deleting tmp file [C:\Users\bao\AppData\Local\Temp\tmp-589256785078999373.xlsx]
DEBUG ForkJoinPool.commonPool-worker-1 com.monitorjbl.xlsx.impl.StreamingWorkbookReader - Deleting tmp file [C:\Users\bao\AppData\Local\Temp\tmp-7639954574947658688.xlsx]
DEBUG ForkJoinPool.commonPool-worker-3 com.monitorjbl.xlsx.impl.StreamingWorkbookReader - Deleting tmp file [C:\Users\bao\AppData\Local\Temp\tmp-1786317791616275925.xlsx]
DEBUG ForkJoinPool.commonPool-worker-8 com.monitorjbl.xlsx.impl.StreamingWorkbookReader - Created temp file [C:\Users\bao\AppData\Local\Temp\tmp-1801329256328325236.xlsx]
DEBUG ForkJoinPool.commonPool-worker-8 com.monitorjbl.xlsx.impl.StreamingWorkbookReader - Deleting tmp file [C:\Users\bao\AppData\Local\Temp\tmp-1801329256328325236.xlsx]
DEBUG ForkJoinPool.commonPool-worker-4 com.monitorjbl.xlsx.impl.StreamingWorkbookReader - Created temp file [C:\Users\bao\AppData\Local\Temp\tmp-4257966898528821004.xlsx]
DEBUG ForkJoinPool.commonPool-worker-15 com.monitorjbl.xlsx.impl.StreamingWorkbookReader - Deleting tmp file [C:\Users\bao\AppData\Local\Temp\tmp-6618707261305947584.xlsx]
DEBUG ForkJoinPool.commonPool-worker-10 com.monitorjbl.xlsx.impl.StreamingWorkbookReader - Created temp file [C:\Users\bao\AppData\Local\Temp\tmp-6305729951069859881.xlsx]
DEBUG ForkJoinPool.commonPool-worker-4 com.monitorjbl.xlsx.impl.StreamingWorkbookReader - Deleting tmp file [C:\Users\bao\AppData\Local\Temp\tmp-4257966898528821004.xlsx]
DEBUG ForkJoinPool.commonPool-worker-3 com.monitorjbl.xlsx.impl.StreamingWorkbookReader - Created temp file [C:\Users\bao\AppData\Local\Temp\tmp-7925697629614987514.xlsx]
DEBUG ForkJoinPool.commonPool-worker-8 com.monitorjbl.xlsx.impl.StreamingWorkbookReader - Created temp file [C:\Users\bao\AppData\Local\Temp\tmp-7083633727478841863.xlsx]
DEBUG ForkJoinPool.commonPool-worker-1 com.monitorjbl.xlsx.impl.StreamingWorkbookReader - Created temp file [C:\Users\bao\AppData\Local\Temp\tmp-6630120149690518832.xlsx]
DEBUG ForkJoinPool.commonPool-worker-2 com.monitorjbl.xlsx.impl.StreamingWorkbookReader - Created temp file [C:\Users\bao\AppData\Local\Temp\tmp-8967292155850347505.xlsx]
DEBUG ForkJoinPool.commonPool-worker-4 com.monitorjbl.xlsx.impl.StreamingWorkbookReader - Created temp file [C:\Users\bao\AppData\Local\Temp\tmp-1614758750507008042.xlsx]
DEBUG ForkJoinPool.commonPool-worker-15 com.monitorjbl.xlsx.impl.StreamingWorkbookReader - Created temp file [C:\Users\bao\AppData\Local\Temp\tmp-1799062770893187164.xlsx]
DEBUG ForkJoinPool.commonPool-worker-10 com.monitorjbl.xlsx.impl.StreamingWorkbookReader - Deleting tmp file [C:\Users\bao\AppData\Local\Temp\tmp-6305729951069859881.xlsx]
DEBUG ForkJoinPool.commonPool-worker-3 com.monitorjbl.xlsx.impl.StreamingWorkbookReader - Deleting tmp file [C:\Users\bao\AppData\Local\Temp\tmp-7925697629614987514.xlsx]
DEBUG ForkJoinPool.commonPool-worker-8 com.monitorjbl.xlsx.impl.StreamingWorkbookReader - Deleting tmp file [C:\Users\bao\AppData\Local\Temp\tmp-7083633727478841863.xlsx]
DEBUG main com.monitorjbl.xlsx.impl.StreamingWorkbookReader - Created temp file [C:\Users\bao\AppData\Local\Temp\tmp-7880372349999850697.xlsx]
DEBUG ForkJoinPool.commonPool-worker-3 com.monitorjbl.xlsx.impl.StreamingWorkbookReader - Created temp file [C:\Users\bao\AppData\Local\Temp\tmp-7501254156425242713.xlsx]
DEBUG ForkJoinPool.commonPool-worker-8 com.monitorjbl.xlsx.impl.StreamingWorkbookReader - Created temp file [C:\Users\bao\AppData\Local\Temp\tmp-2783540784980769422.xlsx]
DEBUG ForkJoinPool.commonPool-worker-10 com.monitorjbl.xlsx.impl.StreamingWorkbookReader - Created temp file [C:\Users\bao\AppData\Local\Temp\tmp-6226555784567561302.xlsx]
DEBUG ForkJoinPool.commonPool-worker-9 com.monitorjbl.xlsx.impl.StreamingWorkbookReader - Deleting tmp file [C:\Users\bao\AppData\Local\Temp\tmp-7406737574358995530.xlsx]
DEBUG ForkJoinPool.commonPool-worker-2 com.monitorjbl.xlsx.impl.StreamingWorkbookReader - Deleting tmp file [C:\Users\bao\AppData\Local\Temp\tmp-8967292155850347505.xlsx]
DEBUG ForkJoinPool.commonPool-worker-2 com.monitorjbl.xlsx.impl.StreamingWorkbookReader - Created temp file [C:\Users\bao\AppData\Local\Temp\tmp-1988745976587488807.xlsx]
DEBUG ForkJoinPool.commonPool-worker-3 com.monitorjbl.xlsx.impl.StreamingWorkbookReader - Deleting tmp file [C:\Users\bao\AppData\Local\Temp\tmp-7501254156425242713.xlsx]
DEBUG ForkJoinPool.commonPool-worker-1 com.monitorjbl.xlsx.impl.StreamingWorkbookReader - Deleting tmp file [C:\Users\bao\AppData\Local\Temp\tmp-6630120149690518832.xlsx]
DEBUG ForkJoinPool.commonPool-worker-8 com.monitorjbl.xlsx.impl.StreamingWorkbookReader - Deleting tmp file [C:\Users\bao\AppData\Local\Temp\tmp-2783540784980769422.xlsx]
DEBUG ForkJoinPool.commonPool-worker-9 com.monitorjbl.xlsx.impl.StreamingWorkbookReader - Created temp file [C:\Users\bao\AppData\Local\Temp\tmp-8347334002208187720.xlsx]
DEBUG ForkJoinPool.commonPool-worker-15 com.monitorjbl.xlsx.impl.StreamingWorkbookReader - Deleting tmp file [C:\Users\bao\AppData\Local\Temp\tmp-1799062770893187164.xlsx]
DEBUG ForkJoinPool.commonPool-worker-1 com.monitorjbl.xlsx.impl.StreamingWorkbookReader - Created temp file [C:\Users\bao\AppData\Local\Temp\tmp-2499870630436048805.xlsx]
DEBUG ForkJoinPool.commonPool-worker-3 com.monitorjbl.xlsx.impl.StreamingWorkbookReader - Created temp file [C:\Users\bao\AppData\Local\Temp\tmp-4768201990357770995.xlsx]
DEBUG ForkJoinPool.commonPool-worker-8 com.monitorjbl.xlsx.impl.StreamingWorkbookReader - Created temp file [C:\Users\bao\AppData\Local\Temp\tmp-2006912439814820794.xlsx]
DEBUG ForkJoinPool.commonPool-worker-1 com.monitorjbl.xlsx.impl.StreamingWorkbookReader - Deleting tmp file [C:\Users\bao\AppData\Local\Temp\tmp-2499870630436048805.xlsx]
DEBUG ForkJoinPool.commonPool-worker-4 com.monitorjbl.xlsx.impl.StreamingWorkbookReader - Deleting tmp file [C:\Users\bao\AppData\Local\Temp\tmp-1614758750507008042.xlsx]
DEBUG ForkJoinPool.commonPool-worker-1 com.monitorjbl.xlsx.impl.StreamingWorkbookReader - Created temp file [C:\Users\bao\AppData\Local\Temp\tmp-512645479353823895.xlsx]
DEBUG main com.monitorjbl.xlsx.impl.StreamingWorkbookReader - Deleting tmp file [C:\Users\bao\AppData\Local\Temp\tmp-7880372349999850697.xlsx]
DEBUG ForkJoinPool.commonPool-worker-3 com.monitorjbl.xlsx.impl.StreamingWorkbookReader - Deleting tmp file [C:\Users\bao\AppData\Local\Temp\tmp-4768201990357770995.xlsx]
DEBUG ForkJoinPool.commonPool-worker-9 com.monitorjbl.xlsx.impl.StreamingWorkbookReader - Deleting tmp file [C:\Users\bao\AppData\Local\Temp\tmp-8347334002208187720.xlsx]
DEBUG ForkJoinPool.commonPool-worker-9 com.monitorjbl.xlsx.impl.StreamingWorkbookReader - Created temp file [C:\Users\bao\AppData\Local\Temp\tmp-7314524365906904995.xlsx]
DEBUG ForkJoinPool.commonPool-worker-1 com.monitorjbl.xlsx.impl.StreamingWorkbookReader - Deleting tmp file [C:\Users\bao\AppData\Local\Temp\tmp-512645479353823895.xlsx]
DEBUG ForkJoinPool.commonPool-worker-15 com.monitorjbl.xlsx.impl.StreamingWorkbookReader - Created temp file [C:\Users\bao\AppData\Local\Temp\tmp-5593471025784695703.xlsx]
DEBUG ForkJoinPool.commonPool-worker-13 com.monitorjbl.xlsx.impl.StreamingWorkbookReader - Deleting tmp file [C:\Users\bao\AppData\Local\Temp\tmp-5551629952125778165.xlsx]
DEBUG ForkJoinPool.commonPool-worker-1 com.monitorjbl.xlsx.impl.StreamingWorkbookReader - Created temp file [C:\Users\bao\AppData\Local\Temp\tmp-7900593752507160718.xlsx]
DEBUG ForkJoinPool.commonPool-worker-4 com.monitorjbl.xlsx.impl.StreamingWorkbookReader - Created temp file [C:\Users\bao\AppData\Local\Temp\tmp-2146882547864769551.xlsx]
DEBUG ForkJoinPool.commonPool-worker-8 com.monitorjbl.xlsx.impl.StreamingWorkbookReader - Deleting tmp file [C:\Users\bao\AppData\Local\Temp\tmp-2006912439814820794.xlsx]
DEBUG ForkJoinPool.commonPool-worker-6 com.monitorjbl.xlsx.impl.StreamingWorkbookReader - Deleting tmp file [C:\Users\bao\AppData\Local\Temp\tmp-4647885401811632759.xlsx]
DEBUG ForkJoinPool.commonPool-worker-9 com.monitorjbl.xlsx.impl.StreamingWorkbookReader - Deleting tmp file [C:\Users\bao\AppData\Local\Temp\tmp-7314524365906904995.xlsx]
DEBUG ForkJoinPool.commonPool-worker-15 com.monitorjbl.xlsx.impl.StreamingWorkbookReader - Deleting tmp file [C:\Users\bao\AppData\Local\Temp\tmp-5593471025784695703.xlsx]
DEBUG ForkJoinPool.commonPool-worker-3 com.monitorjbl.xlsx.impl.StreamingWorkbookReader - Created temp file [C:\Users\bao\AppData\Local\Temp\tmp-2671352008007625329.xlsx]
DEBUG ForkJoinPool.commonPool-worker-9 com.monitorjbl.xlsx.impl.StreamingWorkbookReader - Created temp file [C:\Users\bao\AppData\Local\Temp\tmp-4634316934598778671.xlsx]
DEBUG ForkJoinPool.commonPool-worker-15 com.monitorjbl.xlsx.impl.StreamingWorkbookReader - Created temp file [C:\Users\bao\AppData\Local\Temp\tmp-3186960371488655693.xlsx]
DEBUG ForkJoinPool.commonPool-worker-9 com.monitorjbl.xlsx.impl.StreamingWorkbookReader - Deleting tmp file [C:\Users\bao\AppData\Local\Temp\tmp-4634316934598778671.xlsx]
DEBUG ForkJoinPool.commonPool-worker-15 com.monitorjbl.xlsx.impl.StreamingWorkbookReader - Deleting tmp file [C:\Users\bao\AppData\Local\Temp\tmp-3186960371488655693.xlsx]
DEBUG ForkJoinPool.commonPool-worker-15 com.monitorjbl.xlsx.impl.StreamingWorkbookReader - Created temp file [C:\Users\bao\AppData\Local\Temp\tmp-1522885654373467972.xlsx]
DEBUG ForkJoinPool.commonPool-worker-9 com.monitorjbl.xlsx.impl.StreamingWorkbookReader - Created temp file [C:\Users\bao\AppData\Local\Temp\tmp-2742776341437887058.xlsx]
DEBUG ForkJoinPool.commonPool-worker-8 com.monitorjbl.xlsx.impl.StreamingWorkbookReader - Created temp file [C:\Users\bao\AppData\Local\Temp\tmp-5122628552294162873.xlsx]
DEBUG ForkJoinPool.commonPool-worker-15 com.monitorjbl.xlsx.impl.StreamingWorkbookReader - Deleting tmp file [C:\Users\bao\AppData\Local\Temp\tmp-1522885654373467972.xlsx]
DEBUG ForkJoinPool.commonPool-worker-15 com.monitorjbl.xlsx.impl.StreamingWorkbookReader - Created temp file [C:\Users\bao\AppData\Local\Temp\tmp-8489181751387904524.xlsx]
DEBUG ForkJoinPool.commonPool-worker-9 com.monitorjbl.xlsx.impl.StreamingWorkbookReader - Deleting tmp file [C:\Users\bao\AppData\Local\Temp\tmp-2742776341437887058.xlsx]
DEBUG ForkJoinPool.commonPool-worker-15 com.monitorjbl.xlsx.impl.StreamingWorkbookReader - Deleting tmp file [C:\Users\bao\AppData\Local\Temp\tmp-8489181751387904524.xlsx]
DEBUG ForkJoinPool.commonPool-worker-9 com.monitorjbl.xlsx.impl.StreamingWorkbookReader - Created temp file [C:\Users\bao\AppData\Local\Temp\tmp-9080343983878618935.xlsx]
DEBUG ForkJoinPool.commonPool-worker-1 com.monitorjbl.xlsx.impl.StreamingWorkbookReader - Deleting tmp file [C:\Users\bao\AppData\Local\Temp\tmp-7900593752507160718.xlsx]
DEBUG ForkJoinPool.commonPool-worker-9 com.monitorjbl.xlsx.impl.StreamingWorkbookReader - Deleting tmp file [C:\Users\bao\AppData\Local\Temp\tmp-9080343983878618935.xlsx]
DEBUG ForkJoinPool.commonPool-worker-15 com.monitorjbl.xlsx.impl.StreamingWorkbookReader - Created temp file [C:\Users\bao\AppData\Local\Temp\tmp-1090763179354081012.xlsx]
DEBUG ForkJoinPool.commonPool-worker-15 com.monitorjbl.xlsx.impl.StreamingWorkbookReader - Deleting tmp file [C:\Users\bao\AppData\Local\Temp\tmp-1090763179354081012.xlsx]
DEBUG ForkJoinPool.commonPool-worker-9 com.monitorjbl.xlsx.impl.StreamingWorkbookReader - Created temp file [C:\Users\bao\AppData\Local\Temp\tmp-5086149888012451133.xlsx]
DEBUG ForkJoinPool.commonPool-worker-15 com.monitorjbl.xlsx.impl.StreamingWorkbookReader - Created temp file [C:\Users\bao\AppData\Local\Temp\tmp-7553646939523576078.xlsx]
DEBUG ForkJoinPool.commonPool-worker-9 com.monitorjbl.xlsx.impl.StreamingWorkbookReader - Deleting tmp file [C:\Users\bao\AppData\Local\Temp\tmp-5086149888012451133.xlsx]
DEBUG ForkJoinPool.commonPool-worker-6 com.monitorjbl.xlsx.impl.StreamingWorkbookReader - Created temp file [C:\Users\bao\AppData\Local\Temp\tmp-882095045959404355.xlsx]
DEBUG ForkJoinPool.commonPool-worker-9 com.monitorjbl.xlsx.impl.StreamingWorkbookReader - Created temp file [C:\Users\bao\AppData\Local\Temp\tmp-7593329743438032076.xlsx]
DEBUG main com.monitorjbl.xlsx.impl.StreamingWorkbookReader - Created temp file [C:\Users\bao\AppData\Local\Temp\tmp-4019025201116908054.xlsx]
DEBUG ForkJoinPool.commonPool-worker-9 com.monitorjbl.xlsx.impl.StreamingWorkbookReader - Deleting tmp file [C:\Users\bao\AppData\Local\Temp\tmp-7593329743438032076.xlsx]
DEBUG ForkJoinPool.commonPool-worker-1 com.monitorjbl.xlsx.impl.StreamingWorkbookReader - Created temp file [C:\Users\bao\AppData\Local\Temp\tmp-1593011684716274341.xlsx]
DEBUG ForkJoinPool.commonPool-worker-9 com.monitorjbl.xlsx.impl.StreamingWorkbookReader - Created temp file [C:\Users\bao\AppData\Local\Temp\tmp-5489756233611124425.xlsx]
DEBUG ForkJoinPool.commonPool-worker-1 com.monitorjbl.xlsx.impl.StreamingWorkbookReader - Deleting tmp file [C:\Users\bao\AppData\Local\Temp\tmp-1593011684716274341.xlsx]
DEBUG ForkJoinPool.commonPool-worker-1 com.monitorjbl.xlsx.impl.StreamingWorkbookReader - Created temp file [C:\Users\bao\AppData\Local\Temp\tmp-1631938161609207.xlsx]
DEBUG ForkJoinPool.commonPool-worker-6 com.monitorjbl.xlsx.impl.StreamingWorkbookReader - Deleting tmp file [C:\Users\bao\AppData\Local\Temp\tmp-882095045959404355.xlsx]
DEBUG ForkJoinPool.commonPool-worker-10 com.monitorjbl.xlsx.impl.StreamingWorkbookReader - Deleting tmp file [C:\Users\bao\AppData\Local\Temp\tmp-6226555784567561302.xlsx]
DEBUG ForkJoinPool.commonPool-worker-13 com.monitorjbl.xlsx.impl.StreamingWorkbookReader - Created temp file [C:\Users\bao\AppData\Local\Temp\tmp-6091052548219287881.xlsx]
DEBUG ForkJoinPool.commonPool-worker-1 com.monitorjbl.xlsx.impl.StreamingWorkbookReader - Deleting tmp file [C:\Users\bao\AppData\Local\Temp\tmp-1631938161609207.xlsx]
DEBUG ForkJoinPool.commonPool-worker-6 com.monitorjbl.xlsx.impl.StreamingWorkbookReader - Created temp file [C:\Users\bao\AppData\Local\Temp\tmp-4499772066532559897.xlsx]
DEBUG ForkJoinPool.commonPool-worker-1 com.monitorjbl.xlsx.impl.StreamingWorkbookReader - Created temp file [C:\Users\bao\AppData\Local\Temp\tmp-5800374716279641125.xlsx]
DEBUG ForkJoinPool.commonPool-worker-9 com.monitorjbl.xlsx.impl.StreamingWorkbookReader - Deleting tmp file [C:\Users\bao\AppData\Local\Temp\tmp-5489756233611124425.xlsx]
DEBUG ForkJoinPool.commonPool-worker-13 com.monitorjbl.xlsx.impl.StreamingWorkbookReader - Deleting tmp file [C:\Users\bao\AppData\Local\Temp\tmp-6091052548219287881.xlsx]
DEBUG ForkJoinPool.commonPool-worker-3 com.monitorjbl.xlsx.impl.StreamingWorkbookReader - Deleting tmp file [C:\Users\bao\AppData\Local\Temp\tmp-2671352008007625329.xlsx]
DEBUG ForkJoinPool.commonPool-worker-13 com.monitorjbl.xlsx.impl.StreamingWorkbookReader - Created temp file [C:\Users\bao\AppData\Local\Temp\tmp-3398551229285904379.xlsx]
DEBUG ForkJoinPool.commonPool-worker-9 com.monitorjbl.xlsx.impl.StreamingWorkbookReader - Created temp file [C:\Users\bao\AppData\Local\Temp\tmp-3739843910607426892.xlsx]
DEBUG ForkJoinPool.commonPool-worker-4 com.monitorjbl.xlsx.impl.StreamingWorkbookReader - Deleting tmp file [C:\Users\bao\AppData\Local\Temp\tmp-2146882547864769551.xlsx]
DEBUG ForkJoinPool.commonPool-worker-6 com.monitorjbl.xlsx.impl.StreamingWorkbookReader - Deleting tmp file [C:\Users\bao\AppData\Local\Temp\tmp-4499772066532559897.xlsx]
DEBUG ForkJoinPool.commonPool-worker-15 com.monitorjbl.xlsx.impl.StreamingWorkbookReader - Deleting tmp file [C:\Users\bao\AppData\Local\Temp\tmp-7553646939523576078.xlsx]
DEBUG ForkJoinPool.commonPool-worker-11 com.monitorjbl.xlsx.impl.StreamingWorkbookReader - Deleting tmp file [C:\Users\bao\AppData\Local\Temp\tmp-8216517452231437107.xlsx]
DEBUG ForkJoinPool.commonPool-worker-9 com.monitorjbl.xlsx.impl.StreamingWorkbookReader - Deleting tmp file [C:\Users\bao\AppData\Local\Temp\tmp-3739843910607426892.xlsx]
DEBUG ForkJoinPool.commonPool-worker-13 com.monitorjbl.xlsx.impl.StreamingWorkbookReader - Deleting tmp file [C:\Users\bao\AppData\Local\Temp\tmp-3398551229285904379.xlsx]
DEBUG ForkJoinPool.commonPool-worker-15 com.monitorjbl.xlsx.impl.StreamingWorkbookReader - Created temp file [C:\Users\bao\AppData\Local\Temp\tmp-3957578429444692932.xlsx]
DEBUG ForkJoinPool.commonPool-worker-6 com.monitorjbl.xlsx.impl.StreamingWorkbookReader - Created temp file [C:\Users\bao\AppData\Local\Temp\tmp-4915251327958470487.xlsx]
DEBUG ForkJoinPool.commonPool-worker-1 com.monitorjbl.xlsx.impl.StreamingWorkbookReader - Deleting tmp file [C:\Users\bao\AppData\Local\Temp\tmp-5800374716279641125.xlsx]
DEBUG ForkJoinPool.commonPool-worker-3 com.monitorjbl.xlsx.impl.StreamingWorkbookReader - Created temp file [C:\Users\bao\AppData\Local\Temp\tmp-941505460866176158.xlsx]
DEBUG ForkJoinPool.commonPool-worker-13 com.monitorjbl.xlsx.impl.StreamingWorkbookReader - Created temp file [C:\Users\bao\AppData\Local\Temp\tmp-2414367357131645977.xlsx]
DEBUG ForkJoinPool.commonPool-worker-9 com.monitorjbl.xlsx.impl.StreamingWorkbookReader - Created temp file [C:\Users\bao\AppData\Local\Temp\tmp-4004312510894614216.xlsx]
DEBUG ForkJoinPool.commonPool-worker-10 com.monitorjbl.xlsx.impl.StreamingWorkbookReader - Created temp file [C:\Users\bao\AppData\Local\Temp\tmp-1264170507317076129.xlsx]
DEBUG ForkJoinPool.commonPool-worker-15 com.monitorjbl.xlsx.impl.StreamingWorkbookReader - Deleting tmp file [C:\Users\bao\AppData\Local\Temp\tmp-3957578429444692932.xlsx]
DEBUG ForkJoinPool.commonPool-worker-3 com.monitorjbl.xlsx.impl.StreamingWorkbookReader - Deleting tmp file [C:\Users\bao\AppData\Local\Temp\tmp-941505460866176158.xlsx]
DEBUG ForkJoinPool.commonPool-worker-3 com.monitorjbl.xlsx.impl.StreamingWorkbookReader - Created temp file [C:\Users\bao\AppData\Local\Temp\tmp-1665511256397246996.xlsx]
DEBUG ForkJoinPool.commonPool-worker-3 com.monitorjbl.xlsx.impl.StreamingWorkbookReader - Deleting tmp file [C:\Users\bao\AppData\Local\Temp\tmp-1665511256397246996.xlsx]
DEBUG main com.monitorjbl.xlsx.impl.StreamingWorkbookReader - Deleting tmp file [C:\Users\bao\AppData\Local\Temp\tmp-4019025201116908054.xlsx]
DEBUG ForkJoinPool.commonPool-worker-13 com.monitorjbl.xlsx.impl.StreamingWorkbookReader - Deleting tmp file [C:\Users\bao\AppData\Local\Temp\tmp-2414367357131645977.xlsx]
DEBUG ForkJoinPool.commonPool-worker-10 com.monitorjbl.xlsx.impl.StreamingWorkbookReader - Deleting tmp file [C:\Users\bao\AppData\Local\Temp\tmp-1264170507317076129.xlsx]
DEBUG ForkJoinPool.commonPool-worker-9 com.monitorjbl.xlsx.impl.StreamingWorkbookReader - Deleting tmp file [C:\Users\bao\AppData\Local\Temp\tmp-4004312510894614216.xlsx]
DEBUG ForkJoinPool.commonPool-worker-15 com.monitorjbl.xlsx.impl.StreamingWorkbookReader - Created temp file [C:\Users\bao\AppData\Local\Temp\tmp-6563031145346830504.xlsx]
DEBUG ForkJoinPool.commonPool-worker-3 com.monitorjbl.xlsx.impl.StreamingWorkbookReader - Created temp file [C:\Users\bao\AppData\Local\Temp\tmp-1617690168769945585.xlsx]
DEBUG ForkJoinPool.commonPool-worker-13 com.monitorjbl.xlsx.impl.StreamingWorkbookReader - Created temp file [C:\Users\bao\AppData\Local\Temp\tmp-4398753669261918980.xlsx]
DEBUG ForkJoinPool.commonPool-worker-3 com.monitorjbl.xlsx.impl.StreamingWorkbookReader - Deleting tmp file [C:\Users\bao\AppData\Local\Temp\tmp-1617690168769945585.xlsx]
DEBUG ForkJoinPool.commonPool-worker-13 com.monitorjbl.xlsx.impl.StreamingWorkbookReader - Deleting tmp file [C:\Users\bao\AppData\Local\Temp\tmp-4398753669261918980.xlsx]
DEBUG ForkJoinPool.commonPool-worker-3 com.monitorjbl.xlsx.impl.StreamingWorkbookReader - Created temp file [C:\Users\bao\AppData\Local\Temp\tmp-733023879522612463.xlsx]
DEBUG ForkJoinPool.commonPool-worker-13 com.monitorjbl.xlsx.impl.StreamingWorkbookReader - Created temp file [C:\Users\bao\AppData\Local\Temp\tmp-7161225153617374103.xlsx]
DEBUG ForkJoinPool.commonPool-worker-4 com.monitorjbl.xlsx.impl.StreamingWorkbookReader - Created temp file [C:\Users\bao\AppData\Local\Temp\tmp-1141703267638348017.xlsx]
DEBUG ForkJoinPool.commonPool-worker-9 com.monitorjbl.xlsx.impl.StreamingWorkbookReader - Created temp file [C:\Users\bao\AppData\Local\Temp\tmp-6736447811474411838.xlsx]
DEBUG ForkJoinPool.commonPool-worker-3 com.monitorjbl.xlsx.impl.StreamingWorkbookReader - Deleting tmp file [C:\Users\bao\AppData\Local\Temp\tmp-733023879522612463.xlsx]
DEBUG ForkJoinPool.commonPool-worker-15 com.monitorjbl.xlsx.impl.StreamingWorkbookReader - Deleting tmp file [C:\Users\bao\AppData\Local\Temp\tmp-6563031145346830504.xlsx]
DEBUG ForkJoinPool.commonPool-worker-3 com.monitorjbl.xlsx.impl.StreamingWorkbookReader - Created temp file [C:\Users\bao\AppData\Local\Temp\tmp-1577222821358253106.xlsx]
DEBUG ForkJoinPool.commonPool-worker-8 com.monitorjbl.xlsx.impl.StreamingWorkbookReader - Deleting tmp file [C:\Users\bao\AppData\Local\Temp\tmp-5122628552294162873.xlsx]
DEBUG ForkJoinPool.commonPool-worker-3 com.monitorjbl.xlsx.impl.StreamingWorkbookReader - Deleting tmp file [C:\Users\bao\AppData\Local\Temp\tmp-1577222821358253106.xlsx]
DEBUG ForkJoinPool.commonPool-worker-10 com.monitorjbl.xlsx.impl.StreamingWorkbookReader - Created temp file [C:\Users\bao\AppData\Local\Temp\tmp-8504520352837025389.xlsx]
DEBUG ForkJoinPool.commonPool-worker-13 com.monitorjbl.xlsx.impl.StreamingWorkbookReader - Deleting tmp file [C:\Users\bao\AppData\Local\Temp\tmp-7161225153617374103.xlsx]
DEBUG main com.monitorjbl.xlsx.impl.StreamingWorkbookReader - Created temp file [C:\Users\bao\AppData\Local\Temp\tmp-122828762203810833.xlsx]
DEBUG ForkJoinPool.commonPool-worker-10 com.monitorjbl.xlsx.impl.StreamingWorkbookReader - Deleting tmp file [C:\Users\bao\AppData\Local\Temp\tmp-8504520352837025389.xlsx]
DEBUG ForkJoinPool.commonPool-worker-9 com.monitorjbl.xlsx.impl.StreamingWorkbookReader - Deleting tmp file [C:\Users\bao\AppData\Local\Temp\tmp-6736447811474411838.xlsx]
DEBUG ForkJoinPool.commonPool-worker-6 com.monitorjbl.xlsx.impl.StreamingWorkbookReader - Deleting tmp file [C:\Users\bao\AppData\Local\Temp\tmp-4915251327958470487.xlsx]
DEBUG ForkJoinPool.commonPool-worker-13 com.monitorjbl.xlsx.impl.StreamingWorkbookReader - Created temp file [C:\Users\bao\AppData\Local\Temp\tmp-4603477521650182650.xlsx]
DEBUG ForkJoinPool.commonPool-worker-1 com.monitorjbl.xlsx.impl.StreamingWorkbookReader - Created temp file [C:\Users\bao\AppData\Local\Temp\tmp-3153322470530363322.xlsx]
DEBUG ForkJoinPool.commonPool-worker-3 com.monitorjbl.xlsx.impl.StreamingWorkbookReader - Created temp file [C:\Users\bao\AppData\Local\Temp\tmp-6663554198658153700.xlsx]
DEBUG ForkJoinPool.commonPool-worker-13 com.monitorjbl.xlsx.impl.StreamingWorkbookReader - Deleting tmp file [C:\Users\bao\AppData\Local\Temp\tmp-4603477521650182650.xlsx]
DEBUG ForkJoinPool.commonPool-worker-1 com.monitorjbl.xlsx.impl.StreamingWorkbookReader - Deleting tmp file [C:\Users\bao\AppData\Local\Temp\tmp-3153322470530363322.xlsx]
DEBUG main com.monitorjbl.xlsx.impl.StreamingWorkbookReader - Deleting tmp file [C:\Users\bao\AppData\Local\Temp\tmp-122828762203810833.xlsx]
DEBUG ForkJoinPool.commonPool-worker-3 com.monitorjbl.xlsx.impl.StreamingWorkbookReader - Deleting tmp file [C:\Users\bao\AppData\Local\Temp\tmp-6663554198658153700.xlsx]
DEBUG ForkJoinPool.commonPool-worker-10 com.monitorjbl.xlsx.impl.StreamingWorkbookReader - Created temp file [C:\Users\bao\AppData\Local\Temp\tmp-596197088464226903.xlsx]
DEBUG ForkJoinPool.commonPool-worker-13 com.monitorjbl.xlsx.impl.StreamingWorkbookReader - Created temp file [C:\Users\bao\AppData\Local\Temp\tmp-1821437037970951807.xlsx]
DEBUG ForkJoinPool.commonPool-worker-9 com.monitorjbl.xlsx.impl.StreamingWorkbookReader - Created temp file [C:\Users\bao\AppData\Local\Temp\tmp-2179631266339357134.xlsx]
DEBUG ForkJoinPool.commonPool-worker-1 com.monitorjbl.xlsx.impl.StreamingWorkbookReader - Created temp file [C:\Users\bao\AppData\Local\Temp\tmp-6874841751646995734.xlsx]
DEBUG ForkJoinPool.commonPool-worker-15 com.monitorjbl.xlsx.impl.StreamingWorkbookReader - Created temp file [C:\Users\bao\AppData\Local\Temp\tmp-2833646735606808932.xlsx]
DEBUG ForkJoinPool.commonPool-worker-3 com.monitorjbl.xlsx.impl.StreamingWorkbookReader - Created temp file [C:\Users\bao\AppData\Local\Temp\tmp-7473889936981566256.xlsx]
DEBUG ForkJoinPool.commonPool-worker-8 com.monitorjbl.xlsx.impl.StreamingWorkbookReader - Created temp file [C:\Users\bao\AppData\Local\Temp\tmp-4247925974488977993.xlsx]
DEBUG ForkJoinPool.commonPool-worker-10 com.monitorjbl.xlsx.impl.StreamingWorkbookReader - Deleting tmp file [C:\Users\bao\AppData\Local\Temp\tmp-596197088464226903.xlsx]
DEBUG ForkJoinPool.commonPool-worker-15 com.monitorjbl.xlsx.impl.StreamingWorkbookReader - Deleting tmp file [C:\Users\bao\AppData\Local\Temp\tmp-2833646735606808932.xlsx]
DEBUG ForkJoinPool.commonPool-worker-13 com.monitorjbl.xlsx.impl.StreamingWorkbookReader - Deleting tmp file [C:\Users\bao\AppData\Local\Temp\tmp-1821437037970951807.xlsx]
DEBUG ForkJoinPool.commonPool-worker-8 com.monitorjbl.xlsx.impl.StreamingWorkbookReader - Deleting tmp file [C:\Users\bao\AppData\Local\Temp\tmp-4247925974488977993.xlsx]
DEBUG ForkJoinPool.commonPool-worker-3 com.monitorjbl.xlsx.impl.StreamingWorkbookReader - Deleting tmp file [C:\Users\bao\AppData\Local\Temp\tmp-7473889936981566256.xlsx]
DEBUG ForkJoinPool.commonPool-worker-9 com.monitorjbl.xlsx.impl.StreamingWorkbookReader - Deleting tmp file [C:\Users\bao\AppData\Local\Temp\tmp-2179631266339357134.xlsx]
DEBUG ForkJoinPool.commonPool-worker-1 com.monitorjbl.xlsx.impl.StreamingWorkbookReader - Deleting tmp file [C:\Users\bao\AppData\Local\Temp\tmp-6874841751646995734.xlsx]
DEBUG ForkJoinPool.commonPool-worker-4 com.monitorjbl.xlsx.impl.StreamingWorkbookReader - Deleting tmp file [C:\Users\bao\AppData\Local\Temp\tmp-1141703267638348017.xlsx]
DEBUG ForkJoinPool.commonPool-worker-13 com.monitorjbl.xlsx.impl.StreamingWorkbookReader - Created temp file [C:\Users\bao\AppData\Local\Temp\tmp-2128359816664196454.xlsx]
DEBUG ForkJoinPool.commonPool-worker-15 com.monitorjbl.xlsx.impl.StreamingWorkbookReader - Created temp file [C:\Users\bao\AppData\Local\Temp\tmp-8547981253218523404.xlsx]
DEBUG ForkJoinPool.commonPool-worker-6 com.monitorjbl.xlsx.impl.StreamingWorkbookReader - Created temp file [C:\Users\bao\AppData\Local\Temp\tmp-8448547329580688989.xlsx]
DEBUG ForkJoinPool.commonPool-worker-3 com.monitorjbl.xlsx.impl.StreamingWorkbookReader - Created temp file [C:\Users\bao\AppData\Local\Temp\tmp-4307313215267175416.xlsx]
DEBUG ForkJoinPool.commonPool-worker-8 com.monitorjbl.xlsx.impl.StreamingWorkbookReader - Created temp file [C:\Users\bao\AppData\Local\Temp\tmp-8472153098847688946.xlsx]
DEBUG ForkJoinPool.commonPool-worker-10 com.monitorjbl.xlsx.impl.StreamingWorkbookReader - Created temp file [C:\Users\bao\AppData\Local\Temp\tmp-2088102399709604669.xlsx]
DEBUG main com.monitorjbl.xlsx.impl.StreamingWorkbookReader - Created temp file [C:\Users\bao\AppData\Local\Temp\tmp-5712661147844120618.xlsx]
DEBUG ForkJoinPool.commonPool-worker-6 com.monitorjbl.xlsx.impl.StreamingWorkbookReader - Deleting tmp file [C:\Users\bao\AppData\Local\Temp\tmp-8448547329580688989.xlsx]
DEBUG ForkJoinPool.commonPool-worker-2 com.monitorjbl.xlsx.impl.StreamingWorkbookReader - Deleting tmp file [C:\Users\bao\AppData\Local\Temp\tmp-1988745976587488807.xlsx]
DEBUG ForkJoinPool.commonPool-worker-6 com.monitorjbl.xlsx.impl.StreamingWorkbookReader - Created temp file [C:\Users\bao\AppData\Local\Temp\tmp-7282557768253970975.xlsx]
DEBUG ForkJoinPool.commonPool-worker-8 com.monitorjbl.xlsx.impl.StreamingWorkbookReader - Deleting tmp file [C:\Users\bao\AppData\Local\Temp\tmp-8472153098847688946.xlsx]
DEBUG ForkJoinPool.commonPool-worker-3 com.monitorjbl.xlsx.impl.StreamingWorkbookReader - Deleting tmp file [C:\Users\bao\AppData\Local\Temp\tmp-4307313215267175416.xlsx]
DEBUG main com.monitorjbl.xlsx.impl.StreamingWorkbookReader - Deleting tmp file [C:\Users\bao\AppData\Local\Temp\tmp-5712661147844120618.xlsx]
DEBUG ForkJoinPool.commonPool-worker-6 com.monitorjbl.xlsx.impl.StreamingWorkbookReader - Deleting tmp file [C:\Users\bao\AppData\Local\Temp\tmp-7282557768253970975.xlsx]
DEBUG ForkJoinPool.commonPool-worker-9 com.monitorjbl.xlsx.impl.StreamingWorkbookReader - Created temp file [C:\Users\bao\AppData\Local\Temp\tmp-5960778647682526098.xlsx]
DEBUG ForkJoinPool.commonPool-worker-13 com.monitorjbl.xlsx.impl.StreamingWorkbookReader - Deleting tmp file [C:\Users\bao\AppData\Local\Temp\tmp-2128359816664196454.xlsx]
DEBUG ForkJoinPool.commonPool-worker-8 com.monitorjbl.xlsx.impl.StreamingWorkbookReader - Created temp file [C:\Users\bao\AppData\Local\Temp\tmp-7994658503735140746.xlsx]
DEBUG ForkJoinPool.commonPool-worker-1 com.monitorjbl.xlsx.impl.StreamingWorkbookReader - Created temp file [C:\Users\bao\AppData\Local\Temp\tmp-1781915868479307249.xlsx]
DEBUG main com.monitorjbl.xlsx.impl.StreamingWorkbookReader - Created temp file [C:\Users\bao\AppData\Local\Temp\tmp-4692711190275491170.xlsx]
DEBUG ForkJoinPool.commonPool-worker-11 com.monitorjbl.xlsx.impl.StreamingWorkbookReader - Created temp file [C:\Users\bao\AppData\Local\Temp\tmp-5677782031521985865.xlsx]
DEBUG ForkJoinPool.commonPool-worker-3 com.monitorjbl.xlsx.impl.StreamingWorkbookReader - Created temp file [C:\Users\bao\AppData\Local\Temp\tmp-5165548144920038082.xlsx]
DEBUG ForkJoinPool.commonPool-worker-6 com.monitorjbl.xlsx.impl.StreamingWorkbookReader - Created temp file [C:\Users\bao\AppData\Local\Temp\tmp-1083574700418356908.xlsx]
DEBUG ForkJoinPool.commonPool-worker-2 com.monitorjbl.xlsx.impl.StreamingWorkbookReader - Created temp file [C:\Users\bao\AppData\Local\Temp\tmp-6640425369070246374.xlsx]
DEBUG ForkJoinPool.commonPool-worker-8 com.monitorjbl.xlsx.impl.StreamingWorkbookReader - Deleting tmp file [C:\Users\bao\AppData\Local\Temp\tmp-7994658503735140746.xlsx]
DEBUG ForkJoinPool.commonPool-worker-1 com.monitorjbl.xlsx.impl.StreamingWorkbookReader - Deleting tmp file [C:\Users\bao\AppData\Local\Temp\tmp-1781915868479307249.xlsx]
DEBUG ForkJoinPool.commonPool-worker-9 com.monitorjbl.xlsx.impl.StreamingWorkbookReader - Deleting tmp file [C:\Users\bao\AppData\Local\Temp\tmp-5960778647682526098.xlsx]
DEBUG ForkJoinPool.commonPool-worker-11 com.monitorjbl.xlsx.impl.StreamingWorkbookReader - Deleting tmp file [C:\Users\bao\AppData\Local\Temp\tmp-5677782031521985865.xlsx]
DEBUG ForkJoinPool.commonPool-worker-2 com.monitorjbl.xlsx.impl.StreamingWorkbookReader - Deleting tmp file [C:\Users\bao\AppData\Local\Temp\tmp-6640425369070246374.xlsx]
DEBUG ForkJoinPool.commonPool-worker-6 com.monitorjbl.xlsx.impl.StreamingWorkbookReader - Deleting tmp file [C:\Users\bao\AppData\Local\Temp\tmp-1083574700418356908.xlsx]
DEBUG ForkJoinPool.commonPool-worker-1 com.monitorjbl.xlsx.impl.StreamingWorkbookReader - Created temp file [C:\Users\bao\AppData\Local\Temp\tmp-2456676882150716081.xlsx]
DEBUG ForkJoinPool.commonPool-worker-9 com.monitorjbl.xlsx.impl.StreamingWorkbookReader - Created temp file [C:\Users\bao\AppData\Local\Temp\tmp-2882954569098568079.xlsx]
DEBUG ForkJoinPool.commonPool-worker-3 com.monitorjbl.xlsx.impl.StreamingWorkbookReader - Deleting tmp file [C:\Users\bao\AppData\Local\Temp\tmp-5165548144920038082.xlsx]
DEBUG ForkJoinPool.commonPool-worker-1 com.monitorjbl.xlsx.impl.StreamingWorkbookReader - Deleting tmp file [C:\Users\bao\AppData\Local\Temp\tmp-2456676882150716081.xlsx]
DEBUG main com.monitorjbl.xlsx.impl.StreamingWorkbookReader - Deleting tmp file [C:\Users\bao\AppData\Local\Temp\tmp-4692711190275491170.xlsx]
DEBUG ForkJoinPool.commonPool-worker-15 com.monitorjbl.xlsx.impl.StreamingWorkbookReader - Deleting tmp file [C:\Users\bao\AppData\Local\Temp\tmp-8547981253218523404.xlsx]
DEBUG ForkJoinPool.commonPool-worker-9 com.monitorjbl.xlsx.impl.StreamingWorkbookReader - Deleting tmp file [C:\Users\bao\AppData\Local\Temp\tmp-2882954569098568079.xlsx]
DEBUG ForkJoinPool.commonPool-worker-10 com.monitorjbl.xlsx.impl.StreamingWorkbookReader - Deleting tmp file [C:\Users\bao\AppData\Local\Temp\tmp-2088102399709604669.xlsx]
DEBUG ForkJoinPool.commonPool-worker-15 com.monitorjbl.xlsx.impl.StreamingWorkbookReader - Created temp file [C:\Users\bao\AppData\Local\Temp\tmp-5748634468545922926.xlsx]
DEBUG ForkJoinPool.commonPool-worker-15 com.monitorjbl.xlsx.impl.StreamingWorkbookReader - Deleting tmp file [C:\Users\bao\AppData\Local\Temp\tmp-5748634468545922926.xlsx]
INFO ForkJoinPool.commonPool-worker-9 org.util.LogUtil -  >>>>>> H-.xlsx
INFO ForkJoinPool.commonPool-worker-13 org.util.LogUtil -  >>>>>> Z-.xlsx
INFO ForkJoinPool.commonPool-worker-6 org.util.LogUtil -  >>>>>> B-.xlsx
INFO ForkJoinPool.commonPool-worker-11 org.util.LogUtil -  >>>>>> D-.xlsx
INFO main org.util.LogUtil -  >>>>>> S-.xlsx
INFO ForkJoinPool.commonPool-worker-3 org.util.LogUtil -  >>>>>> H-.xlsx
INFO ForkJoinPool.commonPool-worker-10 org.util.LogUtil -  >>>>>> Z-.xlsx
INFO ForkJoinPool.commonPool-worker-1 org.util.LogUtil -  >>>>>> X-.xlsx
INFO ForkJoinPool.commonPool-worker-15 org.util.LogUtil -  >>>>>> M-ID.xlsx
INFO ForkJoinPool.commonPool-worker-4 org.util.LogUtil -  >>>>>> X-.xlsx
INFO ForkJoinPool.commonPool-worker-2 org.util.LogUtil -  >>>>>> X-.xlsx
INFO ForkJoinPool.commonPool-worker-8 org.util.LogUtil -  >>>>>> V-VIP.xlsx
INFO ForkJoinPool.commonPool-worker-2 org.util.LogUtil -  >>>>>> Y-.xlsx
INFO ForkJoinPool.commonPool-worker-4 org.util.LogUtil -  >>>>>> X-.xlsx
INFO ForkJoinPool.commonPool-worker-6 org.util.LogUtil -  >>>>>> B-.xlsx
INFO main org.util.LogUtil -  >>>>>> S-.xlsx
INFO ForkJoinPool.commonPool-worker-1 org.util.LogUtil -  >>>>>> X-.xlsx
INFO ForkJoinPool.commonPool-worker-2 org.util.LogUtil -  >>>>>> Z-.xlsx
INFO ForkJoinPool.commonPool-worker-10 org.util.LogUtil -  >>>>>> Z-.xlsx
INFO ForkJoinPool.commonPool-worker-8 org.util.LogUtil -  >>>>>> W-.xlsx
INFO ForkJoinPool.commonPool-worker-3 org.util.LogUtil -  >>>>>> H-.xlsx
INFO ForkJoinPool.commonPool-worker-13 org.util.LogUtil -  >>>>>> Z-.xlsx
INFO ForkJoinPool.commonPool-worker-9 org.util.LogUtil -  >>>>>> J-.xlsx
INFO ForkJoinPool.commonPool-worker-4 org.util.LogUtil -  >>>>>> X-.xlsx
INFO ForkJoinPool.commonPool-worker-6 org.util.LogUtil -  >>>>>> B-.xlsx
INFO ForkJoinPool.commonPool-worker-1 org.util.LogUtil -  >>>>>> X-.xlsx
INFO ForkJoinPool.commonPool-worker-3 org.util.LogUtil -  >>>>>> H-.xlsx
INFO main org.util.LogUtil -  >>>>>> S-.xlsx
INFO ForkJoinPool.commonPool-worker-9 org.util.LogUtil -  >>>>>> H-.xlsx
INFO ForkJoinPool.commonPool-worker-3 org.util.LogUtil -  >>>>>> H-.xlsx
INFO ForkJoinPool.commonPool-worker-8 org.util.LogUtil -  >>>>>> W-.xlsx
INFO ForkJoinPool.commonPool-worker-10 org.util.LogUtil -  >>>>>> z-.xlsx
INFO ForkJoinPool.commonPool-worker-2 org.util.LogUtil -  >>>>>> Z-.xlsx
INFO ForkJoinPool.commonPool-worker-4 org.util.LogUtil -  >>>>>> X-.xlsx
INFO ForkJoinPool.commonPool-worker-3 org.util.LogUtil -  >>>>>> G-.xlsx
INFO ForkJoinPool.commonPool-worker-8 org.util.LogUtil -  >>>>>> W-.xlsx
INFO ForkJoinPool.commonPool-worker-2 org.util.LogUtil -  >>>>>> J-.xlsx
INFO ForkJoinPool.commonPool-worker-4 org.util.LogUtil -  >>>>>> X-.xlsx
INFO ForkJoinPool.commonPool-worker-3 org.util.LogUtil -  >>>>>> H-.xlsx
INFO ForkJoinPool.commonPool-worker-10 org.util.LogUtil -  >>>>>> Z-.xlsx
INFO ForkJoinPool.commonPool-worker-8 org.util.LogUtil -  >>>>>> T-.xlsx
INFO ForkJoinPool.commonPool-worker-15 org.util.LogUtil -  >>>>>> M-.xlsx
INFO main org.util.LogUtil -  >>>>>> S-.xlsx
INFO ForkJoinPool.commonPool-worker-3 org.util.LogUtil -  >>>>>> G-.xlsx
INFO ForkJoinPool.commonPool-worker-8 org.util.LogUtil -  >>>>>> T-.xlsx
INFO ForkJoinPool.commonPool-worker-1 org.util.LogUtil -  >>>>>> X-.xlsx
INFO ForkJoinPool.commonPool-worker-9 org.util.LogUtil -  >>>>>> Z-.xlsx
INFO ForkJoinPool.commonPool-worker-8 org.util.LogUtil -  >>>>>> X-.xlsx
INFO ForkJoinPool.commonPool-worker-4 org.util.LogUtil -  >>>>>> J-.xlsx
INFO ForkJoinPool.commonPool-worker-9 org.util.LogUtil -  >>>>>> J-BOSS.xlsx
INFO ForkJoinPool.commonPool-worker-15 org.util.LogUtil -  >>>>>> L-.xlsx
INFO ForkJoinPool.commonPool-worker-4 org.util.LogUtil -  >>>>>> J-.xlsx
INFO ForkJoinPool.commonPool-worker-1 org.util.LogUtil -  >>>>>> X-.xlsx
INFO ForkJoinPool.commonPool-worker-4 org.util.LogUtil -  >>>>>> J-.xlsx
INFO ForkJoinPool.commonPool-worker-9 org.util.LogUtil -  >>>>>> K-.xlsx
INFO ForkJoinPool.commonPool-worker-15 org.util.LogUtil -  >>>>>> M-.xlsx
INFO ForkJoinPool.commonPool-worker-6 org.util.LogUtil -  >>>>>> C-.xlsx
INFO ForkJoinPool.commonPool-worker-15 org.util.LogUtil -  >>>>>> P-.xlsx
INFO ForkJoinPool.commonPool-worker-9 org.util.LogUtil -  >>>>>> L-.xlsx
INFO ForkJoinPool.commonPool-worker-15 org.util.LogUtil -  >>>>>> P-.xlsx
INFO ForkJoinPool.commonPool-worker-9 org.util.LogUtil -  >>>>>> L-.xlsx
INFO ForkJoinPool.commonPool-worker-13 org.util.LogUtil -  >>>>>> M-.xlsx
INFO main org.util.LogUtil -  >>>>>> S-.xlsx
INFO ForkJoinPool.commonPool-worker-3 org.util.LogUtil -  >>>>>> G-.xlsx
INFO ForkJoinPool.commonPool-worker-15 org.util.LogUtil -  >>>>>> C-.xlsx
INFO ForkJoinPool.commonPool-worker-6 org.util.LogUtil -  >>>>>> C-.xlsx
INFO ForkJoinPool.commonPool-worker-3 org.util.LogUtil -  >>>>>> G-.xlsx
INFO ForkJoinPool.commonPool-worker-10 org.util.LogUtil -  >>>>>> K-.xlsx
INFO ForkJoinPool.commonPool-worker-9 org.util.LogUtil -  >>>>>> B-BUFF.xlsx
INFO ForkJoinPool.commonPool-worker-15 org.util.LogUtil -  >>>>>> C-.xlsx
INFO ForkJoinPool.commonPool-worker-13 org.util.LogUtil -  >>>>>> N-NPC.xlsx
INFO ForkJoinPool.commonPool-worker-3 org.util.LogUtil -  >>>>>> G-.xlsx
INFO ForkJoinPool.commonPool-worker-6 org.util.LogUtil -  >>>>>> A-.xlsx
INFO main org.util.LogUtil -  >>>>>> S-.xlsx
INFO ForkJoinPool.commonPool-worker-10 org.util.LogUtil -  >>>>>> P-.xlsx
INFO ForkJoinPool.commonPool-worker-3 org.util.LogUtil -  >>>>>> G-AI.xlsx
INFO ForkJoinPool.commonPool-worker-6 org.util.LogUtil -  >>>>>> J-.xlsx
INFO ForkJoinPool.commonPool-worker-2 org.util.LogUtil -  >>>>>> J-.xlsx
INFO main org.util.LogUtil -  >>>>>> S-.xlsx
INFO ForkJoinPool.commonPool-worker-4 org.util.LogUtil -  >>>>>> J-.xlsx
INFO ForkJoinPool.commonPool-worker-10 org.util.LogUtil -  >>>>>> F-.xlsx
INFO ForkJoinPool.commonPool-worker-6 org.util.LogUtil -  >>>>>> J-.xlsx
INFO ForkJoinPool.commonPool-worker-3 org.util.LogUtil -  >>>>>> G-.xlsx
INFO ForkJoinPool.commonPool-worker-4 org.util.LogUtil -  >>>>>> F-.xlsx
INFO main org.util.LogUtil -  >>>>>> T-.xlsx
INFO ForkJoinPool.commonPool-worker-13 org.util.LogUtil -  >>>>>> D-1v1.xlsx
INFO ForkJoinPool.commonPool-worker-6 org.util.LogUtil -  >>>>>> J-.xlsx
INFO main org.util.LogUtil -  >>>>>> T-.xlsx
INFO ForkJoinPool.commonPool-worker-15 org.util.LogUtil -  >>>>>> F-.xlsx
INFO ForkJoinPool.commonPool-worker-2 org.util.LogUtil -  >>>>>> R-.xlsx
INFO ForkJoinPool.commonPool-worker-13 org.util.LogUtil -  >>>>>> D-.xlsx
INFO ForkJoinPool.commonPool-worker-8 org.util.LogUtil -  >>>>>> X-.xlsx
INFO ForkJoinPool.commonPool-worker-13 org.util.LogUtil -  >>>>>> D-.xlsx
INFO ForkJoinPool.commonPool-worker-13 org.util.LogUtil -  >>>>>> D-3v3.xlsx
INFO ForkJoinPool.commonPool-worker-4 org.util.LogUtil -  >>>>>> Q-boss.xlsx
INFO ForkJoinPool.commonPool-worker-10 org.util.LogUtil -  >>>>>> F-.xlsx
INFO ForkJoinPool.commonPool-worker-13 org.util.LogUtil -  >>>>>> S-.xlsx
INFO ForkJoinPool.commonPool-worker-13 org.util.LogUtil -  >>>>>> T-.xlsx
INFO ForkJoinPool.commonPool-worker-9 org.util.LogUtil -  >>>>>> B-.xlsx
INFO ForkJoinPool.commonPool-worker-3 org.util.LogUtil -  >>>>>> T-.xlsx
INFO ForkJoinPool.commonPool-worker-4 org.util.LogUtil -  >>>>>> Q-.xlsx
INFO ForkJoinPool.commonPool-worker-15 org.util.LogUtil -  >>>>>> F-.xlsx
INFO ForkJoinPool.commonPool-worker-10 org.util.LogUtil -  >>>>>> S-.xlsx
INFO main org.util.LogUtil -  >>>>>> S-.xlsx
INFO ForkJoinPool.commonPool-worker-15 org.util.LogUtil -  >>>>>> R-.xlsx
INFO ForkJoinPool.commonPool-worker-9 org.util.LogUtil -  >>>>>> S-BOSS.xlsx
INFO ForkJoinPool.commonPool-worker-2 org.util.LogUtil -  >>>>>> R-.xlsx
INFO ForkJoinPool.commonPool-worker-1 org.util.LogUtil -  >>>>>> B-Boss.xlsx
INFO ForkJoinPool.commonPool-worker-3 org.util.LogUtil -  >>>>>> T-.xlsx
INFO ForkJoinPool.commonPool-worker-4 org.util.LogUtil -  >>>>>> Q-.xlsx
INFO ForkJoinPool.commonPool-worker-1 org.util.LogUtil -  >>>>>> P-.xlsx
INFO main org.util.LogUtil -  >>>>>> S-.xlsx
INFO ForkJoinPool.commonPool-worker-3 org.util.LogUtil -  >>>>>> P-.xlsx
INFO ForkJoinPool.commonPool-worker-9 org.util.LogUtil -  >>>>>> S-.xlsx
INFO ForkJoinPool.commonPool-worker-15 org.util.LogUtil -  >>>>>> R-.xlsx
INFO ForkJoinPool.commonPool-worker-1 org.util.LogUtil -  >>>>>> P-.xlsx
INFO ForkJoinPool.commonPool-worker-4 org.util.LogUtil -  >>>>>> R-.xlsx
INFO ForkJoinPool.commonPool-worker-11 org.util.LogUtil -  >>>>>> D-.xlsx
INFO ForkJoinPool.commonPool-worker-10 org.util.LogUtil -  >>>>>> S-.xlsx
INFO main org.util.LogUtil -  cost:5060
INFO main org.util.LogUtil -  >>>>>> B-BUFF.xlsx
INFO main org.util.LogUtil -  cost:1163
INFO main org.util.LogUtil -  >>>>>> B-BUFF.xlsx
INFO main org.util.LogUtil -  cost:1146
INFO main org.util.LogUtil -  >>>>>> B-BUFF.xlsx
INFO main org.util.LogUtil -  cost:1142
INFO main org.util.LogUtil -  >>>>>> B-BUFF.xlsx
INFO main org.util.LogUtil - excel cost:976
INFO main org.util.LogUtil -  cost:1152
INFO main org.util.LogUtil -  >>>>>> B-BUFF.xlsx
INFO main org.util.LogUtil - excel cost:1064
INFO main org.util.LogUtil -  cost:1278
INFO main org.util.LogUtil -  >>>>>> B-BUFF.xlsx
INFO main org.util.LogUtil - excel cost:972
INFO main org.util.LogUtil -  cost:1035
INFO main org.util.LogUtil -  >>>>>> B-BUFF.xlsx
INFO main org.util.LogUtil - excel cost:1019
INFO main org.util.LogUtil -  cost:1087
INFO main org.util.LogUtil -  >>>>>> B-BUFF.xlsx
INFO main org.util.LogUtil - excel cost:971
INFO main org.util.LogUtil -  cost:1038
INFO main org.util.LogUtil -  >>>>>> B-BUFF.xlsx
INFO main org.util.LogUtil - excel cost:1155
INFO main org.util.LogUtil -  cost:1343
INFO main org.util.LogUtil -  >>>>>> B-BUFF.xlsx
INFO main org.util.LogUtil - excel cost:1058
INFO main org.util.LogUtil -  cost:1221
INFO main org.util.LogUtil -  >>>>>> B-BUFF.xlsx
INFO main org.util.LogUtil - excel cost:1040
INFO main org.util.LogUtil -  cost:1216
INFO main org.util.LogUtil -  >>>>>> B-BUFF.xlsx
INFO main org.util.LogUtil - excel cost:1045
INFO main org.util.LogUtil -  cost:1213
INFO main org.util.LogUtil -  >>>>>> B-BUFF.xlsx
INFO main org.util.LogUtil - excel cost:1123
INFO main org.util.LogUtil -  cost:1313
INFO main org.util.LogUtil -  >>>>>> B-BUFF.xlsx
INFO main org.util.LogUtil - excel cost:1030
INFO main org.util.LogUtil -  cost:1197
INFO main org.util.LogUtil -  >>>>>> B-BUFF.xlsx
INFO main org.util.LogUtil - excel cost:1041
INFO main org.util.LogUtil -  cost:1226
